#
# There is insufficient memory for the Java Runtime Environment to continue.
# Native memory allocation (mmap) failed to map 210763776 bytes. Error detail: G1 virtual space
# Possible reasons:
#   The system is out of physical RAM or swap space
#   This process is running with CompressedOops enabled, and the Java Heap may be blocking the growth of the native heap
# Possible solutions:
#   Reduce memory load on the system
#   Increase physical memory or swap space
#   Check if swap backing store is full
#   Decrease Java heap size (-Xmx/-Xms)
#   Decrease number of Java threads
#   Decrease Java thread stack sizes (-Xss)
#   Set larger code cache with -XX:ReservedCodeCacheSize=
#   JVM is running with Unscaled Compressed Oops mode in which the Java heap is
#     placed in the first 4GB address space. The Java Heap base address is the
#     maximum limit for the native heap growth. Please use -XX:HeapBaseMinAddress
#     to set the Java Heap base and to place the Java Heap above 4GB virtual address.
# This output file may be truncated or incomplete.
#
#  Out of Memory Error (os_windows.cpp:3825), pid=9220, tid=24372
#
# JRE version: OpenJDK Runtime Environment (17.0.11) (build 17.0.11+0--11852314)
# Java VM: OpenJDK 64-Bit Server VM (17.0.11+0--11852314, mixed mode, tiered, compressed oops, compressed class ptrs, g1 gc, windows-amd64)
# No core dump will be written. Minidumps are not enabled by default on client versions of Windows
#

---------------  S U M M A R Y ------------

Command Line: --add-opens=java.base/java.util=ALL-UNNAMED --add-opens=java.base/java.lang=ALL-UNNAMED --add-opens=java.base/java.lang.invoke=ALL-UNNAMED --add-opens=java.prefs/java.util.prefs=ALL-UNNAMED --add-opens=java.base/java.nio.charset=ALL-UNNAMED --add-opens=java.base/java.net=ALL-UNNAMED --add-opens=java.base/java.util.concurrent.atomic=ALL-UNNAMED -Xmx2048m -Dfile.encoding=UTF-8 -Duser.country=FR -Duser.language=fr -Duser.variant -javaagent:C:\Users\admin\.gradle\wrapper\dists\gradle-8.7-bin\bhs2wmbdwecv87pi65oeuq5iu\gradle-8.7\lib\agents\gradle-instrumentation-agent-8.7.jar org.gradle.launcher.daemon.bootstrap.GradleDaemon 8.7

Host: Intel(R) Core(TM) i7-4710HQ CPU @ 2.50GHz, 8 cores, 11G,  Windows 11 , 64 bit Build 22621 (10.0.22621.3958)
Time: Mon Sep  2 15:59:09 2024 Paris, Madrid (heure duild 22621 (10.0.22621.3958) elapsed time: 14.087330 seconds (0d 0h 0m 14s)

---------------  T H R E A D  ---------------

Current thread (0x000001d7afdf8c70):  VMThread "VM Thread" [stack: 0x000000c073900000,0x000000c073a00000] [id=24372]

Stack: [0x000000c073900000,0x000000c073a00000]
Native frames: (J=compiled Java code, j=interpreted, Vv=VM code, C=native code)
V  [jvm.dll+0x687bb9]
V  [jvm.dll+0x84142a]
V  [jvm.dll+0x8430ae]
V  [jvm.dll+0x843713]
V  [jvm.dll+0x24a35f]
V  [jvm.dll+0x684989]
V  [jvm.dll+0x67923a]
V  [jvm.dll+0x30af0b]
V  [jvm.dll+0x3123b6]
V  [jvm.dll+0x361dfe]
V  [jvm.dll+0x36202f]
V  [jvm.dll+0x2e0d38]
V  [jvm.dll+0x2df144]
V  [jvm.dll+0x2de74c]
V  [jvm.dll+0x32305b]
V  [jvm.dll+0x847e0b]
V  [jvm.dll+0x848b42]
V  [jvm.dll+0x84905d]
V  [jvm.dll+0x849434]
V  [jvm.dll+0x849500]
V  [jvm.dll+0x7efa4a]
V  [jvm.dll+0x686a35]
C  [ucrtbase.dll+0x29333]
C  [KERNEL32.DLL+0x1257d]
C  [ntdll.dll+0x5af28]

VM_Operation (0x000000c0750f1d60): G1CollectForAllocation, mode: safepoint, requested by thread 0x000001d7b83d1da0


---------------  P R O C E S S  ---------------

Threads class SMR info:
_java_thread_list=0x000001d7b6379980, length=65, elements={
0x000001d793fabe00, 0x000001d7afdfaf30, 0x000001d7afdfbcc0, 0x000001d7b402ed10,
0x000001d7b402f8d0, 0x000001d7b406a020, 0x000001d7b406a8f0, 0x000001d7b4073500,
0x000001d7b4078410, 0x000001d7b407ae20, 0x000001d7b416d390, 0x000001d7b437e400,
0x000001d7b5f90c70, 0x000001d7b52a4fa0, 0x000001d7b4ebf060, 0x000001d7b6d622f0,
0x000001d7b697a860, 0x000001d7b63473d0, 0x000001d7b83d1da0, 0x000001d7b7caad70,
0x000001d7b7ca9420, 0x000001d7b7ca9930, 0x000001d7b7caa860, 0x000001d7b7ca75c0,
0x000001d7b7ca8f10, 0x000001d7b7ca7fe0, 0x000001d7b7ca84f0, 0x000001d7b6bcc3c0,
0x000001d7b6bcd800, 0x000001d7b6bcaa70, 0x000001d7b6bcdd10, 0x000001d7b6bccde0,
0x000001d7b6bcbeb0, 0x000001d7b6bcc8d0, 0x000001d7b6bcd2f0, 0x000001d7b6bcec40,
0x000001d7b6bce220, 0x000001d7b6bcf660, 0x000001d7b6bce730, 0x000001d7b6bd0080,
0x000001d7b6bca560, 0x000001d7b6bcb9a0, 0x000001d7b6bca050, 0x000001d7b6bd19d0,
0x000001d7b6bcaf80, 0x000001d7b6bcb490, 0x000001d7b8cf5430, 0x000001d7b8cf5940,
0x000001d7b8cf90f0, 0x000001d7b8cf86d0, 0x000001d7b8cf7290, 0x000001d7b8cf81c0,
0x000001d7b8cf9600, 0x000001d7b8cf8be0, 0x000001d7b8cf9b10, 0x000001d7b8cf6360,
0x000001d7b8cfaa40, 0x000001d7b8cfa530, 0x000001d7b8cfaf50, 0x000001d7b8cfc390,
0x000001d7b8cfb460, 0x000001d7b8cf5e50, 0x000001d7b8cfb970, 0x000001d7b8cfbe80,
0x000001d7b5ca93f0
}

Java Threads: ( => current thread )
  0x000001d793fabe00 JavaThread "main" [_thread_blocked, id=12900, stack(0x000000c073300000,0x000000c073400000)]
  0x000001d7afdfaf30 JavaThread "Reference Handler" daemon [_thread_blocked, id=18920, stack(0x000000c073a00000,0x000000c073b00000)]
  0x000001d7afdfbcc0 JavaThread "Finalizer" daemon [_thread_blocked, id=19428, stack(0x000000c073b00000,0x000000c073c00000)]
  0x000001d7b402ed10 JavaThread "Signal Dispatcher" daemon [_thread_blocked, id=23396, stack(0x000000c073c00000,0x000000c073d00000)]
  0x000001d7b402f8d0 JavaThread "Attach Listener" daemon [_thread_blocked, id=6752, stack(0x000000c073d00000,0x000000c073e00000)]
  0x000001d7b406a020 JavaThread "Service Thread" daemon [_thread_blocked, id=17716, stack(0x000000c073e00000,0x000000c073f00000)]
  0x000001d7b406a8f0 JavaThread "Monitor Deflation Thread" daemon [_thread_blocked, id=21380, stack(0x000000c073f00000,0x000000c074000000)]
  0x000001d7b4073500 JavaThread "C2 CompilerThread0" daemon [_thread_blocked, id=9052, stack(0x000000c074000000,0x000000c074100000)]
  0x000001d7b4078410 JavaThread "C1 CompilerThread0" daemon [_thread_blocked, id=22604, stack(0x000000c074100000,0x000000c074200000)]
  0x000001d7b407ae20 JavaThread "Sweeper thread" daemon [_thread_blocked, id=12852, stack(0x000000c074200000,0x000000c074300000)]
  0x000001d7b416d390 JavaThread "Common-Cleaner" daemon [_thread_blocked, id=21772, stack(0x000000c074300000,0x000000c074400000)]
  0x000001d7b437e400 JavaThread "Notification Thread" daemon [_thread_blocked, id=22024, stack(0x000000c074400000,0x000000c074500000)]
  0x000001d7b5f90c70 JavaThread "Daemon health stats" [_thread_blocked, id=21552, stack(0x000000c074b00000,0x000000c074c00000)]
  0x000001d7b52a4fa0 JavaThread "Incoming local TCP Connector on port 58118" [_thread_in_native, id=17608, stack(0x000000c074700000,0x000000c074800000)]
  0x000001d7b4ebf060 JavaThread "Daemon periodic checks" [_thread_blocked, id=23452, stack(0x000000c074c00000,0x000000c074d00000)]
  0x000001d7b6d622f0 JavaThread "Daemon" [_thread_blocked, id=13168, stack(0x000000c074d00000,0x000000c074e00000)]
  0x000001d7b697a860 JavaThread "Handler for socket connection from /127.0.0.1:58118 to /127.0.0.1:58119" [_thread_in_native, id=10868, stack(0x000000c074e00000,0x000000c074f00000)]
  0x000001d7b63473d0 JavaThread "Cancel handler" [_thread_blocked, id=7220, stack(0x000000c074f00000,0x000000c075000000)]
  0x000001d7b83d1da0 JavaThread "Daemon worker" [_thread_blocked, id=11408, stack(0x000000c075000000,0x000000c075100000)]
  0x000001d7b7caad70 JavaThread "Asynchronous log dispatcher for DefaultDaemonConnection: socket connection from /127.0.0.1:58118 to /127.0.0.1:58119" [_thread_blocked, id=24368, stack(0x000000c075100000,0x000000c075200000)]
  0x000001d7b7ca9420 JavaThread "Stdin handler" [_thread_blocked, id=15692, stack(0x000000c075200000,0x000000c075300000)]
  0x000001d7b7ca9930 JavaThread "Daemon client event forwarder" [_thread_blocked, id=15112, stack(0x000000c075300000,0x000000c075400000)]
  0x000001d7b7caa860 JavaThread "Cache worker for journal cache (C:\Users\admin\.gradle\caches\journal-1)" [_thread_blocked, id=7972, stack(0x000000c075900000,0x000000c075a00000)]
  0x000001d7b7ca75c0 JavaThread "File lock request listener" [_thread_in_native, id=4992, stack(0x000000c075a00000,0x000000c075b00000)]
  0x000001d7b7ca8f10 JavaThread "Cache worker for file hash cache (C:\Users\admin\.gradle\caches\8.7\fileHashes)" [_thread_blocked, id=8116, stack(0x000000c075b00000,0x000000c075c00000)]
  0x000001d7b7ca7fe0 JavaThread "Cache worker for file hash cache (C:\adaTechSchool\projets_collectifs\park-for-kids\.gradle\8.7\fileHashes)" [_thread_blocked, id=16284, stack(0x000000c075d00000,0x000000c075e00000)]
  0x000001d7b7ca84f0 JavaThread "File watcher server" daemon [_thread_blocked, id=14448, stack(0x000000c075e00000,0x000000c075f00000)]
  0x000001d7b6bcc3c0 JavaThread "File watcher consumer" daemon [_thread_blocked, id=19108, stack(0x000000c075f00000,0x000000c076000000)]
  0x000001d7b6bcd800 JavaThread "jar transforms" [_thread_blocked, id=9088, stack(0x000000c076000000,0x000000c076100000)]
  0x000001d7b6bcaa70 JavaThread "jar transforms Thread 2" [_thread_blocked, id=7600, stack(0x000000c076100000,0x000000c076200000)]
  0x000001d7b6bcdd10 JavaThread "jar transforms Thread 3" [_thread_blocked, id=17020, stack(0x000000c076200000,0x000000c076300000)]
  0x000001d7b6bccde0 JavaThread "jar transforms Thread 4" [_thread_blocked, id=12316, stack(0x000000c076300000,0x000000c076400000)]
  0x000001d7b6bcbeb0 JavaThread "jar transforms Thread 5" [_thread_blocked, id=2252, stack(0x000000c076400000,0x000000c076500000)]
  0x000001d7b6bcc8d0 JavaThread "jar transforms Thread 6" [_thread_blocked, id=24164, stack(0x000000c076500000,0x000000c076600000)]
  0x000001d7b6bcd2f0 JavaThread "jar transforms Thread 7" [_thread_blocked, id=23756, stack(0x000000c076600000,0x000000c076700000)]
  0x000001d7b6bcec40 JavaThread "jar transforms Thread 8" [_thread_blocked, id=7704, stack(0x000000c076700000,0x000000c076800000)]
  0x000001d7b6bce220 JavaThread "Cache worker for checksums cache (C:\adaTechSchool\projets_collectifs\park-for-kids\.gradle\8.7\checksums)" [_thread_blocked, id=19832, stack(0x000000c076900000,0x000000c076a00000)]
  0x000001d7b6bcf660 JavaThread "Cache worker for cache directory md-supplier (C:\Users\admin\.gradle\caches\8.7\md-supplier)" [_thread_blocked, id=9276, stack(0x000000c076a00000,0x000000c076b00000)]
  0x000001d7b6bce730 JavaThread "Cache worker for cache directory md-rule (C:\Users\admin\.gradle\caches\8.7\md-rule)" [_thread_blocked, id=2980, stack(0x000000c076b00000,0x000000c076c00000)]
  0x000001d7b6bd0080 JavaThread "Cache worker for file content cache (C:\Users\admin\.gradle\caches\8.7\fileContent)" [_thread_blocked, id=1028, stack(0x000000c076c00000,0x000000c076d00000)]
  0x000001d7b6bca560 JavaThread "Unconstrained build operations" [_thread_blocked, id=7656, stack(0x000000c076d00000,0x000000c076e00000)]
  0x000001d7b6bcb9a0 JavaThread "Unconstrained build operations Thread 2" [_thread_blocked, id=21040, stack(0x000000c076e00000,0x000000c076f00000)]
  0x000001d7b6bca050 JavaThread "Unconstrained build operations Thread 3" [_thread_blocked, id=12604, stack(0x000000c076f00000,0x000000c077000000)]
  0x000001d7b6bd19d0 JavaThread "Unconstrained build operations Thread 4" [_thread_blocked, id=17648, stack(0x000000c077000000,0x000000c077100000)]
  0x000001d7b6bcaf80 JavaThread "Unconstrained build operations Thread 5" [_thread_blocked, id=21600, stack(0x000000c077100000,0x000000c077200000)]
  0x000001d7b6bcb490 JavaThread "Unconstrained build operations Thread 6" [_thread_blocked, id=9096, stack(0x000000c077200000,0x000000c077300000)]
  0x000001d7b8cf5430 JavaThread "Unconstrained build operations Thread 7" [_thread_blocked, id=20976, stack(0x000000c077300000,0x000000c077400000)]
  0x000001d7b8cf5940 JavaThread "Unconstrained build operations Thread 8" [_thread_blocked, id=17664, stack(0x000000c077400000,0x000000c077500000)]
  0x000001d7b8cf90f0 JavaThread "Unconstrained build operations Thread 9" [_thread_blocked, id=17992, stack(0x000000c077500000,0x000000c077600000)]
  0x000001d7b8cf86d0 JavaThread "Cache worker for Build Output Cleanup Cache (C:\adaTechSchool\projets_collectifs\park-for-kids\.gradle\buildOutputCleanup)" [_thread_blocked, id=19764, stack(0x000000c077600000,0x000000c077700000)]
  0x000001d7b8cf7290 JavaThread "Unconstrained build operations Thread 10" [_thread_blocked, id=17292, stack(0x000000c077700000,0x000000c077800000)]
  0x000001d7b8cf81c0 JavaThread "Unconstrained build operations Thread 11" [_thread_blocked, id=18980, stack(0x000000c077800000,0x000000c077900000)]
  0x000001d7b8cf9600 JavaThread "Unconstrained build operations Thread 12" [_thread_blocked, id=16752, stack(0x000000c077900000,0x000000c077a00000)]
  0x000001d7b8cf8be0 JavaThread "Unconstrained build operations Thread 13" [_thread_blocked, id=18568, stack(0x000000c077a00000,0x000000c077b00000)]
  0x000001d7b8cf9b10 JavaThread "Unconstrained build operations Thread 14" [_thread_blocked, id=18896, stack(0x000000c077b00000,0x000000c077c00000)]
  0x000001d7b8cf6360 JavaThread "Unconstrained build operations Thread 15" [_thread_blocked, id=11200, stack(0x000000c077c00000,0x000000c077d00000)]
  0x000001d7b8cfaa40 JavaThread "Unconstrained build operations Thread 16" [_thread_blocked, id=18520, stack(0x000000c077d00000,0x000000c077e00000)]
  0x000001d7b8cfa530 JavaThread "Unconstrained build operations Thread 17" [_thread_blocked, id=4536, stack(0x000000c077e00000,0x000000c077f00000)]
  0x000001d7b8cfaf50 JavaThread "Unconstrained build operations Thread 18" [_thread_blocked, id=8908, stack(0x000000c077f00000,0x000000c078000000)]
  0x000001d7b8cfc390 JavaThread "Unconstrained build operations Thread 19" [_thread_blocked, id=15696, stack(0x000000c078000000,0x000000c078100000)]
  0x000001d7b8cfb460 JavaThread "Unconstrained build operations Thread 20" [_thread_blocked, id=4888, stack(0x000000c078100000,0x000000c078200000)]
  0x000001d7b8cf5e50 JavaThread "Unconstrained build operations Thread 21" [_thread_blocked, id=20792, stack(0x000000c078200000,0x000000c078300000)]
  0x000001d7b8cfb970 JavaThread "Unconstrained build operations Thread 22" [_thread_blocked, id=22492, stack(0x000000c078300000,0x000000c078400000)]
  0x000001d7b8cfbe80 JavaThread "Unconstrained build operations Thread 23" [_thread_blocked, id=17216, stack(0x000000c078400000,0x000000c078500000)]
  0x000001d7b5ca93f0 JavaThread "C2 CompilerThread1" daemon [_thread_blocked, id=8264, stack(0x000000c074600000,0x000000c074700000)]

Other Threads:
=>0x000001d7afdf8c70 VMThread "VM Thread" [stack: 0x000000c073900000,0x000000c073a00000] [id=24372]
  0x000001d7b437e8e0 WatcherThread [stack: 0x000000c074500000,0x000000c074600000] [id=16192]
  0x000001d794008e80 GCTaskThread "GC Thread#0" [stack: 0x000000c073400000,0x000000c073500000] [id=14716]
  0x000001d7b50b5020 GCTaskThread "GC Thread#1" [stack: 0x000000c074800000,0x000000c074900000] [id=16940]
  0x000001d7b4ebfe90 GCTaskThread "GC Thread#2" [stack: 0x000000c074900000,0x000000c074a00000] [id=24428]
  0x000001d7b52d5820 GCTaskThread "GC Thread#3" [stack: 0x000000c074a00000,0x000000c074b00000] [id=20796]
  0x000001d7b83cd9f0 GCTaskThread "GC Thread#4" [stack: 0x000000c075400000,0x000000c075500000] [id=22352]
  0x000001d7b83cea70 GCTaskThread "GC Thread#5" [stack: 0x000000c075500000,0x000000c075600000] [id=22432]
  0x000001d7b83ce230 GCTaskThread "GC Thread#6" [stack: 0x000000c075600000,0x000000c075700000] [id=21776]
  0x000001d7b83cd730 GCTaskThread "GC Thread#7" [stack: 0x000000c075700000,0x000000c075800000] [id=20472]
  0x000001d79401a5e0 ConcurrentGCThread "G1 Main Marker" [stack: 0x000000c073500000,0x000000c073600000] [id=12528]
  0x000001d79401b000 ConcurrentGCThread "G1 Conc#0" [stack: 0x000000c073600000,0x000000c073700000] [id=17708]
  0x000001d7b83ced30 ConcurrentGCThread "G1 Conc#1" [stack: 0x000000c075800000,0x000000c075900000] [id=11880]
  0x000001d79405e820 ConcurrentGCThread "G1 Refine#0" [stack: 0x000000c073700000,0x000000c073800000] [id=18764]
  0x000001d7b6e7d280 ConcurrentGCThread "G1 Refine#1" [stack: 0x000000c076800000,0x000000c076900000] [id=17432]
  0x000001d7b66f3580 ConcurrentGCThread "G1 Refine#2" [stack: 0x000000c078500000,0x000000c078600000] [id=23356]
  0x000001d7b66f55d0 ConcurrentGCThread "G1 Refine#3" [stack: 0x000000c078600000,0x000000c078700000] [id=16680]
  0x000001d7b66f58c0 ConcurrentGCThread "G1 Refine#4" [stack: 0x000000c078700000,0x000000c078800000] [id=13072]
  0x000001d7b66f29c0 ConcurrentGCThread "G1 Refine#5" [stack: 0x000000c078800000,0x000000c078900000] [id=2744]
  0x000001d7afc704b0 ConcurrentGCThread "G1 Service" [stack: 0x000000c073800000,0x000000c073900000] [id=1212]

Threads with active compile tasks:

VM state: at safepoint (normal execution)

VM Mutex/Monitor currently owned by a thread:  ([mutex/lock_event])
[0x000001d793fa68e0] Threads_lock - owner thread: 0x000001d7afdf8c70
[0x000001d793fa79c0] Heap_lock - owner thread: 0x000001d7b83d1da0

Heap address: 0x0000000080000000, size: 2048 MB, Compressed Oops mode: 32-bit

CDS archive(s) not mapped
Compressed class space mapped at: 0x0000000100000000-0x0000000140000000, reserved size: 1073741824
Narrow klass base: 0x0000000000000000, Narrow klass shift: 3, Narrow klass range: 0x140000000

GC Precious Log:
 CPUs: 8 total, 8 available
 Memory: 12171M
 Large Page Support: Disabled
 NUMA Support: Disabled
 Compressed Oops: Enabled (32-bit)
 Heap Region Size: 1M
 Heap Min Capacity: 8M
 Heap Initial Capacity: 192M
 Heap Max Capacity: 2G
 Pre-touch: Disabled
 Parallel Workers: 8
 Concurrent Workers: 2
 Concurrent Refinement Workers: 8
 Periodic GC: Disabled

Heap:
 garbage-first heap   total 198656K, used 109188K [0x0000000080000000, 0x0000000100000000)
  region size 1024K, 1 young (1024K), 1 survivors (1024K)
 Metaspace       used 81585K, committed 82240K, reserved 1179648K
  class space    used 11472K, committed 11776K, reserved 1048576K

Heap Regions: E=young(eden), S=young(survivor), O=old, HS=humongous(starts), HC=humongous(continues), CS=collection set, F=free, OA=open archive, CA=closed archive, TAMS=top-at-mark-start (previous, next)
|   0|0x0000000080000000, 0x0000000080100000, 0x0000000080100000|100%|HS|  |TAMS 0x0000000080100000, 0x0000000080000000| Complete 
|   1|0x0000000080100000, 0x0000000080200000, 0x0000000080200000|100%|HC|  |TAMS 0x0000000080200000, 0x0000000080100000| Complete 
|   2|0x0000000080200000, 0x0000000080300000, 0x0000000080300000|100%|HC|  |TAMS 0x0000000080300000, 0x0000000080200000| Complete 
|   3|0x0000000080300000, 0x0000000080400000, 0x0000000080400000|100%|HC|  |TAMS 0x0000000080400000, 0x0000000080300000| Complete 
|   4|0x0000000080400000, 0x0000000080500000, 0x0000000080500000|100%| O|  |TAMS 0x0000000080500000, 0x0000000080400000| Untracked 
|   5|0x0000000080500000, 0x0000000080600000, 0x0000000080600000|100%| O|  |TAMS 0x0000000080600000, 0x0000000080500000| Untracked 
|   6|0x0000000080600000, 0x0000000080700000, 0x0000000080700000|100%| O|  |TAMS 0x0000000080700000, 0x0000000080600000| Untracked 
|   7|0x0000000080700000, 0x0000000080800000, 0x0000000080800000|100%| O|  |TAMS 0x0000000080800000, 0x0000000080700000| Untracked 
|   8|0x0000000080800000, 0x0000000080900000, 0x0000000080900000|100%| O|  |TAMS 0x0000000080900000, 0x0000000080800000| Untracked 
|   9|0x0000000080900000, 0x0000000080a00000, 0x0000000080a00000|100%| O|  |TAMS 0x0000000080a00000, 0x0000000080900000| Untracked 
|  10|0x0000000080a00000, 0x0000000080b00000, 0x0000000080b00000|100%| O|  |TAMS 0x0000000080b00000, 0x0000000080a00000| Untracked 
|  11|0x0000000080b00000, 0x0000000080c00000, 0x0000000080c00000|100%| O|  |TAMS 0x0000000080c00000, 0x0000000080b00000| Untracked 
|  12|0x0000000080c00000, 0x0000000080d00000, 0x0000000080d00000|100%| O|  |TAMS 0x0000000080d00000, 0x0000000080c00000| Untracked 
|  13|0x0000000080d00000, 0x0000000080e00000, 0x0000000080e00000|100%| O|  |TAMS 0x0000000080e00000, 0x0000000080d00000| Untracked 
|  14|0x0000000080e00000, 0x0000000080f00000, 0x0000000080f00000|100%| O|  |TAMS 0x0000000080f00000, 0x0000000080e00000| Untracked 
|  15|0x0000000080f00000, 0x0000000081000000, 0x0000000081000000|100%| O|  |TAMS 0x0000000081000000, 0x0000000080f00000| Untracked 
|  16|0x0000000081000000, 0x0000000081100000, 0x0000000081100000|100%| O|  |TAMS 0x0000000081100000, 0x0000000081000000| Untracked 
|  17|0x0000000081100000, 0x0000000081200000, 0x0000000081200000|100%| O|  |TAMS 0x0000000081200000, 0x0000000081100000| Untracked 
|  18|0x0000000081200000, 0x0000000081300000, 0x0000000081300000|100%| O|  |TAMS 0x0000000081300000, 0x0000000081200000| Untracked 
|  19|0x0000000081300000, 0x0000000081400000, 0x0000000081400000|100%| O|  |TAMS 0x0000000081400000, 0x0000000081300000| Untracked 
|  20|0x0000000081400000, 0x0000000081500000, 0x0000000081500000|100%| O|  |TAMS 0x0000000081500000, 0x0000000081400000| Untracked 
|  21|0x0000000081500000, 0x0000000081600000, 0x0000000081600000|100%|HS|  |TAMS 0x0000000081600000, 0x0000000081500000| Complete 
|  22|0x0000000081600000, 0x0000000081700000, 0x0000000081700000|100%|HC|  |TAMS 0x0000000081700000, 0x0000000081600000| Complete 
|  23|0x0000000081700000, 0x0000000081800000, 0x0000000081800000|100%|HC|  |TAMS 0x0000000081800000, 0x0000000081700000| Complete 
|  24|0x0000000081800000, 0x0000000081900000, 0x0000000081900000|100%|HC|  |TAMS 0x0000000081900000, 0x0000000081800000| Complete 
|  25|0x0000000081900000, 0x0000000081a00000, 0x0000000081a00000|100%|HC|  |TAMS 0x0000000081a00000, 0x0000000081900000| Complete 
|  26|0x0000000081a00000, 0x0000000081b00000, 0x0000000081b00000|100%|HS|  |TAMS 0x0000000081b00000, 0x0000000081a00000| Complete 
|  27|0x0000000081b00000, 0x0000000081c00000, 0x0000000081c00000|100%|HC|  |TAMS 0x0000000081c00000, 0x0000000081b00000| Complete 
|  28|0x0000000081c00000, 0x0000000081d00000, 0x0000000081d00000|100%|HC|  |TAMS 0x0000000081d00000, 0x0000000081c00000| Complete 
|  29|0x0000000081d00000, 0x0000000081e00000, 0x0000000081e00000|100%|HS|  |TAMS 0x0000000081e00000, 0x0000000081d00000| Complete 
|  30|0x0000000081e00000, 0x0000000081f00000, 0x0000000081f00000|100%|HC|  |TAMS 0x0000000081f00000, 0x0000000081e00000| Complete 
|  31|0x0000000081f00000, 0x0000000082000000, 0x0000000082000000|100%|HC|  |TAMS 0x0000000082000000, 0x0000000081f00000| Complete 
|  32|0x0000000082000000, 0x0000000082100000, 0x0000000082100000|100%| O|  |TAMS 0x0000000082100000, 0x0000000082000000| Untracked 
|  33|0x0000000082100000, 0x0000000082200000, 0x0000000082200000|100%|HS|  |TAMS 0x0000000082200000, 0x0000000082100000| Complete 
|  34|0x0000000082200000, 0x0000000082300000, 0x0000000082300000|100%| O|  |TAMS 0x0000000082300000, 0x0000000082200000| Untracked 
|  35|0x0000000082300000, 0x0000000082400000, 0x0000000082400000|100%| O|  |TAMS 0x0000000082400000, 0x0000000082300000| Untracked 
|  36|0x0000000082400000, 0x0000000082500000, 0x0000000082500000|100%| O|  |TAMS 0x0000000082500000, 0x0000000082400000| Untracked 
|  37|0x0000000082500000, 0x0000000082600000, 0x0000000082600000|100%| O|  |TAMS 0x0000000082600000, 0x0000000082500000| Untracked 
|  38|0x0000000082600000, 0x0000000082700000, 0x0000000082700000|100%| O|  |TAMS 0x0000000082700000, 0x0000000082600000| Untracked 
|  39|0x0000000082700000, 0x0000000082800000, 0x0000000082800000|100%| O|  |TAMS 0x0000000082800000, 0x0000000082700000| Untracked 
|  40|0x0000000082800000, 0x0000000082900000, 0x0000000082900000|100%| O|  |TAMS 0x0000000082900000, 0x0000000082800000| Untracked 
|  41|0x0000000082900000, 0x0000000082a00000, 0x0000000082a00000|100%| O|  |TAMS 0x0000000082a00000, 0x0000000082900000| Untracked 
|  42|0x0000000082a00000, 0x0000000082b00000, 0x0000000082b00000|100%| O|  |TAMS 0x0000000082b00000, 0x0000000082a00000| Untracked 
|  43|0x0000000082b00000, 0x0000000082c00000, 0x0000000082c00000|100%| O|  |TAMS 0x0000000082c00000, 0x0000000082b00000| Untracked 
|  44|0x0000000082c00000, 0x0000000082d00000, 0x0000000082d00000|100%| O|  |TAMS 0x0000000082c00000, 0x0000000082c00000| Untracked 
|  45|0x0000000082d00000, 0x0000000082e00000, 0x0000000082e00000|100%| O|  |TAMS 0x0000000082e00000, 0x0000000082d00000| Untracked 
|  46|0x0000000082e00000, 0x0000000082f00000, 0x0000000082f00000|100%| O|  |TAMS 0x0000000082f00000, 0x0000000082e00000| Untracked 
|  47|0x0000000082f00000, 0x0000000083000000, 0x0000000083000000|100%| O|  |TAMS 0x0000000083000000, 0x0000000082f00000| Untracked 
|  48|0x0000000083000000, 0x0000000083100000, 0x0000000083100000|100%| O|  |TAMS 0x0000000083100000, 0x0000000083000000| Untracked 
|  49|0x0000000083100000, 0x0000000083200000, 0x0000000083200000|100%| O|  |TAMS 0x0000000083200000, 0x0000000083100000| Untracked 
|  50|0x0000000083200000, 0x0000000083300000, 0x0000000083300000|100%|HS|  |TAMS 0x0000000083300000, 0x0000000083200000| Complete 
|  51|0x0000000083300000, 0x0000000083400000, 0x0000000083400000|100%|HC|  |TAMS 0x0000000083400000, 0x0000000083300000| Complete 
|  52|0x0000000083400000, 0x0000000083500000, 0x0000000083500000|100%|HC|  |TAMS 0x0000000083500000, 0x0000000083400000| Complete 
|  53|0x0000000083500000, 0x0000000083600000, 0x0000000083600000|100%|HS|  |TAMS 0x0000000083600000, 0x0000000083500000| Complete 
|  54|0x0000000083600000, 0x0000000083700000, 0x0000000083700000|100%|HC|  |TAMS 0x0000000083700000, 0x0000000083600000| Complete 
|  55|0x0000000083700000, 0x0000000083800000, 0x0000000083800000|100%|HC|  |TAMS 0x0000000083800000, 0x0000000083700000| Complete 
|  56|0x0000000083800000, 0x0000000083900000, 0x0000000083900000|100%|HC|  |TAMS 0x0000000083900000, 0x0000000083800000| Complete 
|  57|0x0000000083900000, 0x0000000083a00000, 0x0000000083a00000|100%|HC|  |TAMS 0x0000000083a00000, 0x0000000083900000| Complete 
|  58|0x0000000083a00000, 0x0000000083b00000, 0x0000000083b00000|100%|HS|  |TAMS 0x0000000083b00000, 0x0000000083a00000| Complete 
|  59|0x0000000083b00000, 0x0000000083c00000, 0x0000000083c00000|100%|HC|  |TAMS 0x0000000083c00000, 0x0000000083b00000| Complete 
|  60|0x0000000083c00000, 0x0000000083d00000, 0x0000000083d00000|100%|HC|  |TAMS 0x0000000083d00000, 0x0000000083c00000| Complete 
|  61|0x0000000083d00000, 0x0000000083e00000, 0x0000000083e00000|100%|HC|  |TAMS 0x0000000083e00000, 0x0000000083d00000| Complete 
|  62|0x0000000083e00000, 0x0000000083f00000, 0x0000000083f00000|100%|HC|  |TAMS 0x0000000083f00000, 0x0000000083e00000| Complete 
|  63|0x0000000083f00000, 0x0000000084000000, 0x0000000084000000|100%| O|  |TAMS 0x0000000084000000, 0x0000000083f00000| Untracked 
|  64|0x0000000084000000, 0x0000000084100000, 0x0000000084100000|100%| O|  |TAMS 0x0000000084100000, 0x0000000084000000| Untracked 
|  65|0x0000000084100000, 0x0000000084200000, 0x0000000084200000|100%| O|  |TAMS 0x0000000084200000, 0x0000000084100000| Untracked 
|  66|0x0000000084200000, 0x0000000084300000, 0x0000000084300000|100%| O|  |TAMS 0x0000000084300000, 0x0000000084200000| Untracked 
|  67|0x0000000084300000, 0x0000000084400000, 0x0000000084400000|100%| O|  |TAMS 0x0000000084400000, 0x0000000084300000| Untracked 
|  68|0x0000000084400000, 0x0000000084500000, 0x0000000084500000|100%| O|  |TAMS 0x0000000084500000, 0x0000000084400000| Untracked 
|  69|0x0000000084500000, 0x0000000084600000, 0x0000000084600000|100%| O|  |TAMS 0x0000000084600000, 0x0000000084500000| Untracked 
|  70|0x0000000084600000, 0x0000000084700000, 0x0000000084700000|100%| O|  |TAMS 0x0000000084700000, 0x0000000084600000| Untracked 
|  71|0x0000000084700000, 0x0000000084800000, 0x0000000084800000|100%| O|  |TAMS 0x0000000084800000, 0x0000000084700000| Untracked 
|  72|0x0000000084800000, 0x0000000084900000, 0x0000000084900000|100%| O|  |TAMS 0x0000000084900000, 0x0000000084800000| Untracked 
|  73|0x0000000084900000, 0x0000000084a00000, 0x0000000084a00000|100%| O|  |TAMS 0x0000000084a00000, 0x0000000084900000| Untracked 
|  74|0x0000000084a00000, 0x0000000084b00000, 0x0000000084b00000|100%| O|  |TAMS 0x0000000084b00000, 0x0000000084a00000| Untracked 
|  75|0x0000000084b00000, 0x0000000084c00000, 0x0000000084c00000|100%| O|  |TAMS 0x0000000084c00000, 0x0000000084b00000| Untracked 
|  76|0x0000000084c00000, 0x0000000084d00000, 0x0000000084d00000|100%| O|  |TAMS 0x0000000084d00000, 0x0000000084c00000| Untracked 
|  77|0x0000000084d00000, 0x0000000084e00000, 0x0000000084e00000|100%| O|  |TAMS 0x0000000084e00000, 0x0000000084d00000| Untracked 
|  78|0x0000000084e00000, 0x0000000084f00000, 0x0000000084f00000|100%| O|  |TAMS 0x0000000084f00000, 0x0000000084e00000| Untracked 
|  79|0x0000000084f00000, 0x0000000085000000, 0x0000000085000000|100%| O|  |TAMS 0x0000000085000000, 0x0000000084f00000| Untracked 
|  80|0x0000000085000000, 0x0000000085100000, 0x0000000085100000|100%| O|  |TAMS 0x0000000085100000, 0x0000000085000000| Untracked 
|  81|0x0000000085100000, 0x0000000085200000, 0x0000000085200000|100%| O|  |TAMS 0x0000000085200000, 0x0000000085100000| Untracked 
|  82|0x0000000085200000, 0x0000000085300000, 0x0000000085300000|100%| O|  |TAMS 0x0000000085300000, 0x0000000085200000| Untracked 
|  83|0x0000000085300000, 0x0000000085300000, 0x0000000085400000|  0%| F|  |TAMS 0x0000000085300000, 0x0000000085300000| Untracked 
|  84|0x0000000085400000, 0x0000000085500000, 0x0000000085500000|100%| O|  |TAMS 0x0000000085400000, 0x0000000085400000| Untracked 
|  85|0x0000000085500000, 0x0000000085600000, 0x0000000085600000|100%| O|  |TAMS 0x0000000085500000, 0x0000000085500000| Untracked 
|  86|0x0000000085600000, 0x0000000085700000, 0x0000000085700000|100%| O|  |TAMS 0x0000000085700000, 0x0000000085600000| Untracked 
|  87|0x0000000085700000, 0x0000000085800000, 0x0000000085800000|100%| O|  |TAMS 0x0000000085800000, 0x0000000085700000| Untracked 
|  88|0x0000000085800000, 0x0000000085900000, 0x0000000085900000|100%| O|  |TAMS 0x0000000085900000, 0x0000000085800000| Untracked 
|  89|0x0000000085900000, 0x0000000085a00000, 0x0000000085a00000|100%| O|  |TAMS 0x0000000085a00000, 0x0000000085900000| Untracked 
|  90|0x0000000085a00000, 0x0000000085b00000, 0x0000000085b00000|100%| O|  |TAMS 0x0000000085b00000, 0x0000000085a00000| Untracked 
|  91|0x0000000085b00000, 0x0000000085c00000, 0x0000000085c00000|100%| O|  |TAMS 0x0000000085c00000, 0x0000000085b00000| Untracked 
|  92|0x0000000085c00000, 0x0000000085d00000, 0x0000000085d00000|100%| O|  |TAMS 0x0000000085d00000, 0x0000000085c00000| Untracked 
|  93|0x0000000085d00000, 0x0000000085e00000, 0x0000000085e00000|100%| O|  |TAMS 0x0000000085e00000, 0x0000000085d00000| Untracked 
|  94|0x0000000085e00000, 0x0000000085f00000, 0x0000000085f00000|100%| O|  |TAMS 0x0000000085e00000, 0x0000000085e00000| Untracked 
|  95|0x0000000085f00000, 0x0000000086000000, 0x0000000086000000|100%| O|  |TAMS 0x0000000085f00000, 0x0000000085f00000| Untracked 
|  96|0x0000000086000000, 0x0000000086100000, 0x0000000086100000|100%| O|  |TAMS 0x0000000086000000, 0x0000000086000000| Untracked 
|  97|0x0000000086100000, 0x0000000086200000, 0x0000000086200000|100%| O|  |TAMS 0x0000000086100000, 0x0000000086100000| Untracked 
|  98|0x0000000086200000, 0x0000000086300000, 0x0000000086300000|100%| O|  |TAMS 0x0000000086200000, 0x0000000086200000| Untracked 
|  99|0x0000000086300000, 0x0000000086400000, 0x0000000086400000|100%| O|  |TAMS 0x0000000086300000, 0x0000000086300000| Untracked 
| 100|0x0000000086400000, 0x0000000086500000, 0x0000000086500000|100%| O|  |TAMS 0x0000000086400000, 0x0000000086400000| Untracked 
| 101|0x0000000086500000, 0x0000000086600000, 0x0000000086600000|100%| O|  |TAMS 0x0000000086500000, 0x0000000086500000| Untracked 
| 102|0x0000000086600000, 0x0000000086700000, 0x0000000086700000|100%| O|  |TAMS 0x0000000086600000, 0x0000000086600000| Untracked 
| 103|0x0000000086700000, 0x0000000086800000, 0x0000000086800000|100%| O|  |TAMS 0x0000000086700000, 0x0000000086700000| Untracked 
| 104|0x0000000086800000, 0x0000000086900000, 0x0000000086900000|100%| O|  |TAMS 0x0000000086800000, 0x0000000086800000| Untracked 
| 105|0x0000000086900000, 0x0000000086a00000, 0x0000000086a00000|100%| O|  |TAMS 0x0000000086900000, 0x0000000086900000| Untracked 
| 106|0x0000000086a00000, 0x0000000086a00000, 0x0000000086b00000|  0%| F|  |TAMS 0x0000000086a00000, 0x0000000086a00000| Untracked 
| 107|0x0000000086b00000, 0x0000000086b00000, 0x0000000086c00000|  0%| F|  |TAMS 0x0000000086b00000, 0x0000000086b00000| Untracked 
| 108|0x0000000086c00000, 0x0000000086c00000, 0x0000000086d00000|  0%| F|  |TAMS 0x0000000086c00000, 0x0000000086c00000| Untracked 
| 109|0x0000000086d00000, 0x0000000086d00000, 0x0000000086e00000|  0%| F|  |TAMS 0x0000000086d00000, 0x0000000086d00000| Untracked 
| 110|0x0000000086e00000, 0x0000000086e00000, 0x0000000086f00000|  0%| F|  |TAMS 0x0000000086e00000, 0x0000000086e00000| Untracked 
| 111|0x0000000086f00000, 0x0000000086f00000, 0x0000000087000000|  0%| F|  |TAMS 0x0000000086f00000, 0x0000000086f00000| Untracked 
| 112|0x0000000087000000, 0x0000000087000000, 0x0000000087100000|  0%| F|  |TAMS 0x0000000087000000, 0x0000000087000000| Untracked 
| 113|0x0000000087100000, 0x0000000087100000, 0x0000000087200000|  0%| F|  |TAMS 0x0000000087100000, 0x0000000087100000| Untracked 
| 114|0x0000000087200000, 0x0000000087200000, 0x0000000087300000|  0%| F|  |TAMS 0x0000000087200000, 0x0000000087200000| Untracked 
| 115|0x0000000087300000, 0x0000000087300000, 0x0000000087400000|  0%| F|  |TAMS 0x0000000087300000, 0x0000000087300000| Untracked 
| 116|0x0000000087400000, 0x0000000087400000, 0x0000000087500000|  0%| F|  |TAMS 0x0000000087400000, 0x0000000087400000| Untracked 
| 117|0x0000000087500000, 0x0000000087500000, 0x0000000087600000|  0%| F|  |TAMS 0x0000000087500000, 0x0000000087500000| Untracked 
| 118|0x0000000087600000, 0x0000000087600000, 0x0000000087700000|  0%| F|  |TAMS 0x0000000087600000, 0x0000000087600000| Untracked 
| 119|0x0000000087700000, 0x0000000087700000, 0x0000000087800000|  0%| F|  |TAMS 0x0000000087700000, 0x0000000087700000| Untracked 
| 120|0x0000000087800000, 0x0000000087800000, 0x0000000087900000|  0%| F|  |TAMS 0x0000000087800000, 0x0000000087800000| Untracked 
| 121|0x0000000087900000, 0x0000000087900000, 0x0000000087a00000|  0%| F|  |TAMS 0x0000000087900000, 0x0000000087900000| Untracked 
| 122|0x0000000087a00000, 0x0000000087a00000, 0x0000000087b00000|  0%| F|  |TAMS 0x0000000087a00000, 0x0000000087a00000| Untracked 
| 123|0x0000000087b00000, 0x0000000087b00000, 0x0000000087c00000|  0%| F|  |TAMS 0x0000000087b00000, 0x0000000087b00000| Untracked 
| 124|0x0000000087c00000, 0x0000000087c00000, 0x0000000087d00000|  0%| F|  |TAMS 0x0000000087c00000, 0x0000000087c00000| Untracked 
| 125|0x0000000087d00000, 0x0000000087d00000, 0x0000000087e00000|  0%| F|  |TAMS 0x0000000087d00000, 0x0000000087d00000| Untracked 
| 126|0x0000000087e00000, 0x0000000087e00000, 0x0000000087f00000|  0%| F|  |TAMS 0x0000000087e00000, 0x0000000087e00000| Untracked 
| 127|0x0000000087f00000, 0x0000000087f00000, 0x0000000088000000|  0%| F|  |TAMS 0x0000000087f00000, 0x0000000087f00000| Untracked 
| 128|0x0000000088000000, 0x0000000088000000, 0x0000000088100000|  0%| F|  |TAMS 0x0000000088000000, 0x0000000088000000| Untracked 
| 129|0x0000000088100000, 0x0000000088100000, 0x0000000088200000|  0%| F|  |TAMS 0x0000000088100000, 0x0000000088100000| Untracked 
| 130|0x0000000088200000, 0x0000000088200000, 0x0000000088300000|  0%| F|  |TAMS 0x0000000088200000, 0x0000000088200000| Untracked 
| 131|0x0000000088300000, 0x0000000088300000, 0x0000000088400000|  0%| F|  |TAMS 0x0000000088300000, 0x0000000088300000| Untracked 
| 132|0x0000000088400000, 0x0000000088400000, 0x0000000088500000|  0%| F|  |TAMS 0x0000000088400000, 0x0000000088400000| Untracked 
| 133|0x0000000088500000, 0x0000000088500000, 0x0000000088600000|  0%| F|  |TAMS 0x0000000088500000, 0x0000000088500000| Untracked 
| 134|0x0000000088600000, 0x0000000088600000, 0x0000000088700000|  0%| F|  |TAMS 0x0000000088600000, 0x0000000088600000| Untracked 
| 135|0x0000000088700000, 0x0000000088700000, 0x0000000088800000|  0%| F|  |TAMS 0x0000000088700000, 0x0000000088700000| Untracked 
| 136|0x0000000088800000, 0x0000000088800000, 0x0000000088900000|  0%| F|  |TAMS 0x0000000088800000, 0x0000000088800000| Untracked 
| 137|0x0000000088900000, 0x0000000088900000, 0x0000000088a00000|  0%| F|  |TAMS 0x0000000088900000, 0x0000000088900000| Untracked 
| 138|0x0000000088a00000, 0x0000000088a00000, 0x0000000088b00000|  0%| F|  |TAMS 0x0000000088a00000, 0x0000000088a00000| Untracked 
| 139|0x0000000088b00000, 0x0000000088b00000, 0x0000000088c00000|  0%| F|  |TAMS 0x0000000088b00000, 0x0000000088b00000| Untracked 
| 140|0x0000000088c00000, 0x0000000088c00000, 0x0000000088d00000|  0%| F|  |TAMS 0x0000000088c00000, 0x0000000088c00000| Untracked 
| 141|0x0000000088d00000, 0x0000000088d00000, 0x0000000088e00000|  0%| F|  |TAMS 0x0000000088d00000, 0x0000000088d00000| Untracked 
| 142|0x0000000088e00000, 0x0000000088e00000, 0x0000000088f00000|  0%| F|  |TAMS 0x0000000088e00000, 0x0000000088e00000| Untracked 
| 143|0x0000000088f00000, 0x0000000088f00000, 0x0000000089000000|  0%| F|  |TAMS 0x0000000088f00000, 0x0000000088f00000| Untracked 
| 144|0x0000000089000000, 0x0000000089000000, 0x0000000089100000|  0%| F|  |TAMS 0x0000000089000000, 0x0000000089000000| Untracked 
| 145|0x0000000089100000, 0x0000000089100000, 0x0000000089200000|  0%| F|  |TAMS 0x0000000089100000, 0x0000000089100000| Untracked 
| 146|0x0000000089200000, 0x0000000089200000, 0x0000000089300000|  0%| F|  |TAMS 0x0000000089200000, 0x0000000089200000| Untracked 
| 147|0x0000000089300000, 0x0000000089300000, 0x0000000089400000|  0%| F|  |TAMS 0x0000000089300000, 0x0000000089300000| Untracked 
| 148|0x0000000089400000, 0x0000000089400000, 0x0000000089500000|  0%| F|  |TAMS 0x0000000089400000, 0x0000000089400000| Untracked 
| 149|0x0000000089500000, 0x0000000089500000, 0x0000000089600000|  0%| F|  |TAMS 0x0000000089500000, 0x0000000089500000| Untracked 
| 150|0x0000000089600000, 0x0000000089600000, 0x0000000089700000|  0%| F|  |TAMS 0x0000000089600000, 0x0000000089600000| Untracked 
| 151|0x0000000089700000, 0x0000000089700000, 0x0000000089800000|  0%| F|  |TAMS 0x0000000089700000, 0x0000000089700000| Untracked 
| 152|0x0000000089800000, 0x0000000089800000, 0x0000000089900000|  0%| F|  |TAMS 0x0000000089800000, 0x0000000089800000| Untracked 
| 153|0x0000000089900000, 0x0000000089900000, 0x0000000089a00000|  0%| F|  |TAMS 0x0000000089900000, 0x0000000089900000| Untracked 
| 154|0x0000000089a00000, 0x0000000089a00000, 0x0000000089b00000|  0%| F|  |TAMS 0x0000000089a00000, 0x0000000089a00000| Untracked 
| 155|0x0000000089b00000, 0x0000000089b00000, 0x0000000089c00000|  0%| F|  |TAMS 0x0000000089b00000, 0x0000000089b00000| Untracked 
| 156|0x0000000089c00000, 0x0000000089c00000, 0x0000000089d00000|  0%| F|  |TAMS 0x0000000089c00000, 0x0000000089c00000| Untracked 
| 157|0x0000000089d00000, 0x0000000089d00000, 0x0000000089e00000|  0%| F|  |TAMS 0x0000000089d00000, 0x0000000089d00000| Untracked 
| 158|0x0000000089e00000, 0x0000000089e00000, 0x0000000089f00000|  0%| F|  |TAMS 0x0000000089e00000, 0x0000000089e00000| Untracked 
| 159|0x0000000089f00000, 0x0000000089f00000, 0x000000008a000000|  0%| F|  |TAMS 0x0000000089f00000, 0x0000000089f00000| Untracked 
| 160|0x000000008a000000, 0x000000008a000000, 0x000000008a100000|  0%| F|  |TAMS 0x000000008a000000, 0x000000008a000000| Untracked 
| 161|0x000000008a100000, 0x000000008a100000, 0x000000008a200000|  0%| F|  |TAMS 0x000000008a100000, 0x000000008a100000| Untracked 
| 162|0x000000008a200000, 0x000000008a200000, 0x000000008a300000|  0%| F|  |TAMS 0x000000008a200000, 0x000000008a200000| Untracked 
| 163|0x000000008a300000, 0x000000008a300000, 0x000000008a400000|  0%| F|  |TAMS 0x000000008a300000, 0x000000008a300000| Untracked 
| 164|0x000000008a400000, 0x000000008a400000, 0x000000008a500000|  0%| F|  |TAMS 0x000000008a400000, 0x000000008a400000| Untracked 
| 165|0x000000008a500000, 0x000000008a500000, 0x000000008a600000|  0%| F|  |TAMS 0x000000008a500000, 0x000000008a500000| Untracked 
| 166|0x000000008a600000, 0x000000008a600000, 0x000000008a700000|  0%| F|  |TAMS 0x000000008a600000, 0x000000008a600000| Untracked 
| 167|0x000000008a700000, 0x000000008a700000, 0x000000008a800000|  0%| F|  |TAMS 0x000000008a700000, 0x000000008a700000| Untracked 
| 168|0x000000008a800000, 0x000000008a800000, 0x000000008a900000|  0%| F|  |TAMS 0x000000008a800000, 0x000000008a800000| Untracked 
| 169|0x000000008a900000, 0x000000008a900000, 0x000000008aa00000|  0%| F|  |TAMS 0x000000008a900000, 0x000000008a900000| Untracked 
| 170|0x000000008aa00000, 0x000000008aa00000, 0x000000008ab00000|  0%| F|  |TAMS 0x000000008aa00000, 0x000000008aa00000| Untracked 
| 171|0x000000008ab00000, 0x000000008ab00000, 0x000000008ac00000|  0%| F|  |TAMS 0x000000008ab00000, 0x000000008ab00000| Untracked 
| 172|0x000000008ac00000, 0x000000008ac00000, 0x000000008ad00000|  0%| F|  |TAMS 0x000000008ac00000, 0x000000008ac00000| Untracked 
| 173|0x000000008ad00000, 0x000000008ad00000, 0x000000008ae00000|  0%| F|  |TAMS 0x000000008ad00000, 0x000000008ad00000| Untracked 
| 174|0x000000008ae00000, 0x000000008ae00000, 0x000000008af00000|  0%| F|  |TAMS 0x000000008ae00000, 0x000000008ae00000| Untracked 
| 175|0x000000008af00000, 0x000000008af00000, 0x000000008b000000|  0%| F|  |TAMS 0x000000008af00000, 0x000000008af00000| Untracked 
| 176|0x000000008b000000, 0x000000008b000000, 0x000000008b100000|  0%| F|  |TAMS 0x000000008b000000, 0x000000008b000000| Untracked 
| 177|0x000000008b100000, 0x000000008b100000, 0x000000008b200000|  0%| F|  |TAMS 0x000000008b100000, 0x000000008b100000| Untracked 
| 178|0x000000008b200000, 0x000000008b200000, 0x000000008b300000|  0%| F|  |TAMS 0x000000008b200000, 0x000000008b200000| Untracked 
| 179|0x000000008b300000, 0x000000008b300000, 0x000000008b400000|  0%| F|  |TAMS 0x000000008b300000, 0x000000008b300000| Untracked 
| 180|0x000000008b400000, 0x000000008b400000, 0x000000008b500000|  0%| F|  |TAMS 0x000000008b400000, 0x000000008b400000| Untracked 
| 181|0x000000008b500000, 0x000000008b500000, 0x000000008b600000|  0%| F|  |TAMS 0x000000008b500000, 0x000000008b500000| Untracked 
| 182|0x000000008b600000, 0x000000008b600000, 0x000000008b700000|  0%| F|  |TAMS 0x000000008b600000, 0x000000008b600000| Untracked 
| 183|0x000000008b700000, 0x000000008b700000, 0x000000008b800000|  0%| F|  |TAMS 0x000000008b700000, 0x000000008b700000| Untracked 
| 184|0x000000008b800000, 0x000000008b800000, 0x000000008b900000|  0%| F|  |TAMS 0x000000008b800000, 0x000000008b800000| Untracked 
| 185|0x000000008b900000, 0x000000008b900000, 0x000000008ba00000|  0%| F|  |TAMS 0x000000008b900000, 0x000000008b900000| Untracked 
| 186|0x000000008ba00000, 0x000000008ba00000, 0x000000008bb00000|  0%| F|  |TAMS 0x000000008ba00000, 0x000000008ba00000| Untracked 
| 187|0x000000008bb00000, 0x000000008bb00000, 0x000000008bc00000|  0%| F|  |TAMS 0x000000008bb00000, 0x000000008bb00000| Untracked 
| 188|0x000000008bc00000, 0x000000008bc00000, 0x000000008bd00000|  0%| F|  |TAMS 0x000000008bc00000, 0x000000008bc00000| Untracked 
| 189|0x000000008bd00000, 0x000000008bda1248, 0x000000008be00000| 62%| S|CS|TAMS 0x000000008bd00000, 0x000000008bd00000| Complete 
| 190|0x000000008be00000, 0x000000008be00000, 0x000000008bf00000|  0%| F|  |TAMS 0x000000008be00000, 0x000000008be00000| Untracked 
| 191|0x000000008bf00000, 0x000000008bf00000, 0x000000008c000000|  0%| F|  |TAMS 0x000000008bf00000, 0x000000008bf00000| Untracked 
| 192|0x000000008c000000, 0x000000008c000000, 0x000000008c100000|  0%| F|  |TAMS 0x000000008c000000, 0x000000008c000000| Untracked 
|2047|0x00000000fff00000, 0x0000000100000000, 0x0000000100000000|100%| O|  |TAMS 0x0000000100000000, 0x00000000fff00000| Untracked 

Card table byte_map: [0x000001d7a8af0000,0x000001d7a8ef0000] _byte_map_base: 0x000001d7a86f0000

Marking Bits (Prev, Next): (CMBitMap*) 0x000001d7940094a0, (CMBitMap*) 0x000001d7940094e0
 Prev Bits: [0x000001d7a92f0000, 0x000001d7ab2f0000)
 Next Bits: [0x000001d7ab2f0000, 0x000001d7ad2f0000)

Polling page: 0x000001d794060000

Metaspace:

Usage:
  Non-class:     68.47 MB used.
      Class:     11.20 MB used.
       Both:     79.67 MB used.

Virtual space:
  Non-class space:      128.00 MB reserved,      68.81 MB ( 54%) committed,  2 nodes.
      Class space:        1.00 GB reserved,      11.50 MB (  1%) committed,  1 nodes.
             Both:        1.12 GB reserved,      80.31 MB (  7%) committed. 

Chunk freelists:
   Non-Class:  11.03 MB
       Class:  4.31 MB
        Both:  15.34 MB

MaxMetaspaceSize: unlimited
CompressedClassSpaceSize: 1.00 GB
Initial GC threshold: 21.00 MB
Current GC threshold: 132.19 MB
CDS: off
MetaspaceReclaimPolicy: balanced
 - commit_granule_bytes: 65536.
 - commit_granule_words: 8192.
 - virtual_space_node_default_size: 8388608.
 - enlarge_chunks_in_place: 1.
 - new_chunks_are_fully_committed: 0.
 - uncommit_free_chunks: 1.
 - use_allocation_guard: 0.
 - handle_deallocations: 1.


Internal statistics:

num_allocs_failed_limit: 3.
num_arena_births: 842.
num_arena_deaths: 0.
num_vsnodes_births: 3.
num_vsnodes_deaths: 0.
num_space_committed: 1283.
num_space_uncommitted: 0.
num_chunks_returned_to_freelist: 3.
num_chunks_taken_from_freelist: 3676.
num_chunk_merges: 3.
num_chunk_splits: 2583.
num_chunks_enlarged: 1884.
num_inconsistent_stats: 0.

CodeHeap 'non-profiled nmethods': size=120000Kb used=4579Kb max_used=4579Kb free=115420Kb
 bounds [0x000001d7a0760000, 0x000001d7a0be0000, 0x000001d7a7c90000]
CodeHeap 'profiled nmethods': size=120000Kb used=13704Kb max_used=13704Kb free=106296Kb
 bounds [0x000001d798c90000, 0x000001d799a00000, 0x000001d7a01c0000]
CodeHeap 'non-nmethods': size=5760Kb used=2378Kb max_used=2445Kb free=3381Kb
 bounds [0x000001d7a01c0000, 0x000001d7a0430000, 0x000001d7a0760000]
 total_blobs=8163 nmethods=7256 adapters=818
 compilation: enabled
              stopped_count=0, restarted_count=0
 full_count=0

Compilation events (20 events):
Event: 13.985 Thread 0x000001d7b4078410 7987       3       java.nio.DirectByteBuffer::<init> (60 bytes)
Event: 13.985 Thread 0x000001d7b4078410 nmethod 7987 0x000001d7999ee510 code [0x000001d7999ee6e0, 0x000001d7999eeaf8]
Event: 13.985 Thread 0x000001d7b4078410 7988  s    3       jdk.internal.jimage.ImageReader$SharedImageReader::buildRootDirectory (71 bytes)
Event: 13.985 Thread 0x000001d7b4078410 nmethod 7988 0x000001d7999eec90 code [0x000001d7999eef00, 0x000001d7999ef9c8]
Event: 13.985 Thread 0x000001d7b4078410 7990       3       jdk.internal.jrtfs.JrtPath::getResolvedPath (39 bytes)
Event: 13.986 Thread 0x000001d7b4078410 nmethod 7990 0x000001d7999efd90 code [0x000001d7999effc0, 0x000001d7999f0788]
Event: 13.986 Thread 0x000001d7b4078410 7989       3       jdk.internal.jrtfs.JrtFileSystem::checkNode (40 bytes)
Event: 13.986 Thread 0x000001d7b4078410 nmethod 7989 0x000001d7999f0a10 code [0x000001d7999f0c00, 0x000001d7999f10a8]
Event: 13.986 Thread 0x000001d7b4078410 7993       3       jdk.internal.jrtfs.JrtPath::getFileSystem (5 bytes)
Event: 13.986 Thread 0x000001d7b4078410 nmethod 7993 0x000001d7999f1310 code [0x000001d7999f14a0, 0x000001d7999f15b8]
Event: 13.987 Thread 0x000001d7b4078410 7991       3       java.io.ByteArrayInputStream::<init> (26 bytes)
Event: 13.987 Thread 0x000001d7b4078410 nmethod 7991 0x000001d7999f1690 code [0x000001d7999f1840, 0x000001d7999f1a78]
Event: 13.987 Thread 0x000001d7b4078410 7992       3       sun.nio.ch.ChannelInputStream::close (10 bytes)
Event: 13.987 Thread 0x000001d7b4078410 nmethod 7992 0x000001d7999f1b90 code [0x000001d7999f1d40, 0x000001d7999f1f08]
Event: 13.989 Thread 0x000001d7b5ca93f0 nmethod 7961 0x000001d7a0bcd090 code [0x000001d7a0bcd240, 0x000001d7a0bcdcd8]
Event: 13.989 Thread 0x000001d7b5ca93f0 7966       4       java.nio.ByteBuffer::position (6 bytes)
Event: 13.990 Thread 0x000001d7b5ca93f0 nmethod 7966 0x000001d7a0bce290 code [0x000001d7a0bce420, 0x000001d7a0bce518]
Event: 14.039 Thread 0x000001d7b4073500 nmethod 7833 0x000001d7a0bce610 code [0x000001d7a0bceb60, 0x000001d7a0bd44f0]
Event: 14.055 Thread 0x000001d7b4078410 7994       1       java.util.Collections$SingletonSet::size (2 bytes)
Event: 14.055 Thread 0x000001d7b4078410 nmethod 7994 0x000001d7a0bd8c90 code [0x000001d7a0bd8e20, 0x000001d7a0bd8ef8]

GC Heap History (20 events):
Event: 10.560 GC heap after
{Heap after GC invocations=30 (full 0):
 garbage-first heap   total 159744K, used 78023K [0x0000000080000000, 0x0000000100000000)
  region size 1024K, 4 young (4096K), 4 survivors (4096K)
 Metaspace       used 62295K, committed 62912K, reserved 1114112K
  class space    used 8489K, committed 8768K, reserved 1048576K
}
Event: 11.202 GC heap before
{Heap before GC invocations=30 (full 0):
 garbage-first heap   total 159744K, used 127175K [0x0000000080000000, 0x0000000100000000)
  region size 1024K, 53 young (54272K), 4 survivors (4096K)
 Metaspace       used 68695K, committed 69312K, reserved 1114112K
  class space    used 9807K, committed 10048K, reserved 1048576K
}
Event: 11.206 GC heap after
{Heap after GC invocations=31 (full 0):
 garbage-first heap   total 159744K, used 79390K [0x0000000080000000, 0x0000000100000000)
  region size 1024K, 5 young (5120K), 5 survivors (5120K)
 Metaspace       used 68695K, committed 69312K, reserved 1114112K
  class space    used 9807K, committed 10048K, reserved 1048576K
}
Event: 12.206 GC heap before
{Heap before GC invocations=31 (full 0):
 garbage-first heap   total 159744K, used 128542K [0x0000000080000000, 0x0000000100000000)
  region size 1024K, 53 young (54272K), 5 survivors (5120K)
 Metaspace       used 75324K, committed 76032K, reserved 1114112K
  class space    used 10655K, committed 11008K, reserved 1048576K
}
Event: 12.211 GC heap after
{Heap after GC invocations=32 (full 0):
 garbage-first heap   total 159744K, used 80647K [0x0000000080000000, 0x0000000100000000)
  region size 1024K, 4 young (4096K), 4 survivors (4096K)
 Metaspace       used 75324K, committed 76032K, reserved 1114112K
  class space    used 10655K, committed 11008K, reserved 1048576K
}
Event: 12.829 GC heap before
{Heap before GC invocations=32 (full 0):
 garbage-first heap   total 159744K, used 111367K [0x0000000080000000, 0x0000000100000000)
  region size 1024K, 35 young (35840K), 4 survivors (4096K)
 Metaspace       used 80074K, committed 80768K, reserved 1179648K
  class space    used 11282K, committed 11584K, reserved 1048576K
}
Event: 12.834 GC heap after
{Heap after GC invocations=33 (full 0):
 garbage-first heap   total 159744K, used 81266K [0x0000000080000000, 0x0000000100000000)
  region size 1024K, 4 young (4096K), 4 survivors (4096K)
 Metaspace       used 80074K, committed 80768K, reserved 1179648K
  class space    used 11282K, committed 11584K, reserved 1048576K
}
Event: 12.841 GC heap before
{Heap before GC invocations=33 (full 0):
 garbage-first heap   total 159744K, used 87410K [0x0000000080000000, 0x0000000100000000)
  region size 1024K, 5 young (5120K), 4 survivors (4096K)
 Metaspace       used 80074K, committed 80768K, reserved 1179648K
  class space    used 11282K, committed 11584K, reserved 1048576K
}
Event: 12.846 GC heap after
{Heap after GC invocations=34 (full 0):
 garbage-first heap   total 159744K, used 87382K [0x0000000080000000, 0x0000000100000000)
  region size 1024K, 2 young (2048K), 2 survivors (2048K)
 Metaspace       used 80074K, committed 80768K, reserved 1179648K
  class space    used 11282K, committed 11584K, reserved 1048576K
}
Event: 13.387 GC heap before
{Heap before GC invocations=35 (full 0):
 garbage-first heap   total 159744K, used 138582K [0x0000000080000000, 0x0000000100000000)
  region size 1024K, 49 young (50176K), 2 survivors (2048K)
 Metaspace       used 80421K, committed 81216K, reserved 1179648K
  class space    used 11291K, committed 11648K, reserved 1048576K
}
Event: 13.400 GC heap after
{Heap after GC invocations=36 (full 0):
 garbage-first heap   total 159744K, used 95020K [0x0000000080000000, 0x0000000100000000)
  region size 1024K, 7 young (7168K), 7 survivors (7168K)
 Metaspace       used 80421K, committed 81216K, reserved 1179648K
  class space    used 11291K, committed 11648K, reserved 1048576K
}
Event: 13.410 GC heap before
{Heap before GC invocations=36 (full 0):
 garbage-first heap   total 159744K, used 96044K [0x0000000080000000, 0x0000000100000000)
  region size 1024K, 8 young (8192K), 7 survivors (7168K)
 Metaspace       used 80421K, committed 81216K, reserved 1179648K
  class space    used 11291K, committed 11648K, reserved 1048576K
}
Event: 13.417 GC heap after
{Heap after GC invocations=37 (full 0):
 garbage-first heap   total 159744K, used 95223K [0x0000000080000000, 0x0000000100000000)
  region size 1024K, 1 young (1024K), 1 survivors (1024K)
 Metaspace       used 80421K, committed 81216K, reserved 1179648K
  class space    used 11291K, committed 11648K, reserved 1048576K
}
Event: 13.420 GC heap before
{Heap before GC invocations=37 (full 0):
 garbage-first heap   total 159744K, used 95223K [0x0000000080000000, 0x0000000100000000)
  region size 1024K, 2 young (2048K), 1 survivors (1024K)
 Metaspace       used 80421K, committed 81216K, reserved 1179648K
  class space    used 11291K, committed 11648K, reserved 1048576K
}
Event: 13.421 GC heap after
{Heap after GC invocations=38 (full 0):
 garbage-first heap   total 159744K, used 94868K [0x0000000080000000, 0x0000000100000000)
  region size 1024K, 1 young (1024K), 1 survivors (1024K)
 Metaspace       used 80421K, committed 81216K, reserved 1179648K
  class space    used 11291K, committed 11648K, reserved 1048576K
}
Event: 13.700 GC heap before
{Heap before GC invocations=39 (full 0):
 garbage-first heap   total 181248K, used 117396K [0x0000000080000000, 0x0000000100000000)
  region size 1024K, 21 young (21504K), 1 survivors (1024K)
 Metaspace       used 80425K, committed 81216K, reserved 1179648K
  class space    used 11292K, committed 11648K, reserved 1048576K
}
Event: 13.707 GC heap after
{Heap after GC invocations=40 (full 0):
 garbage-first heap   total 181248K, used 100112K [0x0000000080000000, 0x0000000100000000)
  region size 1024K, 5 young (5120K), 5 survivors (5120K)
 Metaspace       used 80425K, committed 81216K, reserved 1179648K
  class space    used 11292K, committed 11648K, reserved 1048576K
}
Event: 14.044 GC heap before
{Heap before GC invocations=41 (full 0):
 garbage-first heap   total 198656K, used 147216K [0x0000000080000000, 0x0000000100000000)
  region size 1024K, 46 young (47104K), 5 survivors (5120K)
 Metaspace       used 81225K, committed 81920K, reserved 1179648K
  class space    used 11421K, committed 11776K, reserved 1048576K
}
Event: 14.053 GC heap after
{Heap after GC invocations=42 (full 0):
 garbage-first heap   total 198656K, used 108672K [0x0000000080000000, 0x0000000100000000)
  region size 1024K, 6 young (6144K), 6 survivors (6144K)
 Metaspace       used 81225K, committed 81920K, reserved 1179648K
  class space    used 11421K, committed 11776K, reserved 1048576K
}
Event: 14.080 GC heap before
{Heap before GC invocations=42 (full 0):
 garbage-first heap   total 198656K, used 111744K [0x0000000080000000, 0x0000000100000000)
  region size 1024K, 9 young (9216K), 6 survivors (6144K)
 Metaspace       used 81585K, committed 82240K, reserved 1179648K
  class space    used 11472K, committed 11776K, reserved 1048576K
}

Dll operation events (3 events):
Event: 0.009 Loaded shared library C:\Program Files\Android\Android Studio\jbr\bin\java.dll
Event: 0.149 Loaded shared library C:\Program Files\Android\Android Studio\jbr\bin\zip.dll
Event: 0.423 Loaded shared library C:\Program Files\Android\Android Studio\jbr\bin\verify.dll

Deoptimization events (20 events):
Event: 13.747 Thread 0x000001d7b83d1da0 DEOPT PACKING pc=0x000001d7a0bab118 sp=0x000000c0750f4700
Event: 13.747 Thread 0x000001d7b83d1da0 DEOPT UNPACKING pc=0x000001d7a02169a3 sp=0x000000c0750f4638 mode 2
Event: 13.747 Thread 0x000001d7b83d1da0 Uncommon trap: trap_request=0xffffff45 fr.pc=0x000001d7a0b78e30 relative=0x0000000000000970
Event: 13.747 Thread 0x000001d7b83d1da0 Uncommon trap: reason=unstable_if action=reinterpret pc=0x000001d7a0b78e30 method=java.lang.String.lastIndexOf(II)I @ 4 c2
Event: 13.747 Thread 0x000001d7b83d1da0 DEOPT PACKING pc=0x000001d7a0b78e30 sp=0x000000c0750f46b0
Event: 13.747 Thread 0x000001d7b83d1da0 DEOPT UNPACKING pc=0x000001d7a02169a3 sp=0x000000c0750f45c0 mode 2
Event: 13.747 Thread 0x000001d7b83d1da0 Uncommon trap: trap_request=0xffffff45 fr.pc=0x000001d7a0796a70 relative=0x0000000000000450
Event: 13.747 Thread 0x000001d7b83d1da0 Uncommon trap: reason=unstable_if action=reinterpret pc=0x000001d7a0796a70 method=java.lang.String.isLatin1()Z @ 10 c2
Event: 13.747 Thread 0x000001d7b83d1da0 DEOPT PACKING pc=0x000001d7a0796a70 sp=0x000000c0750f4640
Event: 13.747 Thread 0x000001d7b83d1da0 DEOPT UNPACKING pc=0x000001d7a02169a3 sp=0x000000c0750f45b0 mode 2
Event: 13.747 Thread 0x000001d7b83d1da0 Uncommon trap: trap_request=0xffffff45 fr.pc=0x000001d7a08505ec relative=0x000000000000044c
Event: 13.747 Thread 0x000001d7b83d1da0 Uncommon trap: reason=unstable_if action=reinterpret pc=0x000001d7a08505ec method=java.lang.String.substring(II)Ljava/lang/String; @ 31 c2
Event: 13.747 Thread 0x000001d7b83d1da0 DEOPT PACKING pc=0x000001d7a08505ec sp=0x000000c0750f4640
Event: 13.747 Thread 0x000001d7b83d1da0 DEOPT UNPACKING pc=0x000001d7a02169a3 sp=0x000000c0750f45a0 mode 2
Event: 13.813 Thread 0x000001d7b83d1da0 DEOPT PACKING pc=0x000001d79997c3ca sp=0x000000c0750f4990
Event: 13.813 Thread 0x000001d7b83d1da0 DEOPT UNPACKING pc=0x000001d7a0217143 sp=0x000000c0750f3ee0 mode 0
Event: 13.897 Thread 0x000001d7b83d1da0 Uncommon trap: trap_request=0xffffff45 fr.pc=0x000001d7a0bb9af8 relative=0x0000000000001058
Event: 13.897 Thread 0x000001d7b83d1da0 Uncommon trap: reason=unstable_if action=reinterpret pc=0x000001d7a0bb9af8 method=java.util.zip.ZipEntry.setExtra0([BZZ)V @ 73 c2
Event: 13.897 Thread 0x000001d7b83d1da0 DEOPT PACKING pc=0x000001d7a0bb9af8 sp=0x000000c0750f4690
Event: 13.897 Thread 0x000001d7b83d1da0 DEOPT UNPACKING pc=0x000001d7a02169a3 sp=0x000000c0750f4638 mode 2

Classes unloaded (0 events):
No events

Classes redefined (0 events):
No events

Internal exceptions (20 events):
Event: 10.690 Thread 0x000001d7b83d1da0 Exception <a 'java/lang/NoSuchMethodError'{0x0000000089113dd0}: 'void java.lang.invoke.DirectMethodHandle$Holder.invokeVirtual(java.lang.Object, java.lang.Object)'> (0x0000000089113dd0) 
thrown [s\src\hotspot\share\interpreter\linkResolver.cpp, line 771]
Event: 10.745 Thread 0x000001d7b83d1da0 Exception <a 'java/lang/NoSuchMethodError'{0x00000000890f4548}: 'java.lang.Object java.lang.invoke.DirectMethodHandle$Holder.invokeStaticInit(java.lang.Object, int)'> (0x00000000890f4548) 
thrown [s\src\hotspot\share\interpreter\linkResolver.cpp, line 771]
Event: 11.161 Thread 0x000001d7b83d1da0 Implicit null exception at 0x000001d7a079d872 to 0x000001d7a079de48
Event: 11.260 Thread 0x000001d7b83d1da0 Implicit null exception at 0x000001d7a07b6a72 to 0x000001d7a07b7058
Event: 11.488 Thread 0x000001d7b83d1da0 Exception <a 'sun/nio/fs/WindowsException'{0x0000000088a74708}> (0x0000000088a74708) 
thrown [s\src\hotspot\share\prims\jni.cpp, line 531]
Event: 11.488 Thread 0x000001d7b83d1da0 Exception <a 'sun/nio/fs/WindowsException'{0x0000000088a764c0}> (0x0000000088a764c0) 
thrown [s\src\hotspot\share\prims\jni.cpp, line 531]
Event: 11.877 Thread 0x000001d7b83d1da0 Exception <a 'java/lang/NoSuchMethodError'{0x0000000087f2e4a8}: 'long java.lang.invoke.DirectMethodHandle$Holder.invokeStatic(java.lang.Object)'> (0x0000000087f2e4a8) 
thrown [s\src\hotspot\share\interpreter\linkResolver.cpp, line 771]
Event: 11.877 Thread 0x000001d7b83d1da0 Exception <a 'java/lang/NoSuchMethodError'{0x0000000087f332f0}: 'long java.lang.invoke.DirectMethodHandle$Holder.invokeStaticInit(java.lang.Object)'> (0x0000000087f332f0) 
thrown [s\src\hotspot\share\interpreter\linkResolver.cpp, line 771]
Event: 11.982 Thread 0x000001d7b83d1da0 Exception <a 'java/lang/NoSuchMethodError'{0x0000000087a8ae30}: 'long java.lang.invoke.Invokers$Holder.invoke_MT(java.lang.Object, java.lang.Object, java.lang.Object, java.lang.Object)'> (0x0000000087a8ae30) 
thrown [s\src\hotspot\share\interpreter\linkResolver.cpp, line 771]
Event: 11.983 Thread 0x000001d7b83d1da0 Exception <a 'java/lang/NoSuchMethodError'{0x0000000087a94480}: 'int java.lang.invoke.Invokers$Holder.invoke_MT(java.lang.Object, java.lang.Object, java.lang.Object, java.lang.Object)'> (0x0000000087a94480) 
thrown [s\src\hotspot\share\interpreter\linkResolver.cpp, line 771]
Event: 11.984 Thread 0x000001d7b83d1da0 Exception <a 'java/lang/NoSuchMethodError'{0x0000000087aa4f50}: 'void java.lang.invoke.DelegatingMethodHandle$Holder.reinvoke_L(java.lang.Object, java.lang.Object, java.lang.Object, long, java.lang.Object)'> (0x0000000087aa4f50) 
thrown [s\src\hotspot\share\interpreter\linkResolver.cpp, line 771]
Event: 11.985 Thread 0x000001d7b83d1da0 Exception <a 'java/lang/NoSuchMethodError'{0x0000000087aadf40}: 'java.lang.Object java.lang.invoke.DirectMethodHandle$Holder.invokeSpecial(java.lang.Object, java.lang.Object, java.lang.Object, java.lang.Object, long)'> (0x0000000087aadf40) 
thrown [s\src\hotspot\share\interpreter\linkResolver.cpp, line 771]
Event: 11.986 Thread 0x000001d7b83d1da0 Exception <a 'java/lang/NoSuchMethodError'{0x0000000087abe8e0}: 'int java.lang.invoke.DelegatingMethodHandle$Holder.reinvoke_L(java.lang.Object, java.lang.Object, java.lang.Object, long, java.lang.Object, java.lang.Object)'> (0x0000000087abe8e0) 
thrown [s\src\hotspot\share\interpreter\linkResolver.cpp, line 771]
Event: 11.987 Thread 0x000001d7b83d1da0 Exception <a 'java/lang/NoSuchMethodError'{0x0000000087acebc8}: 'int java.lang.invoke.DelegatingMethodHandle$Holder.reinvoke_L(java.lang.Object, java.lang.Object, java.lang.Object, long, int, int)'> (0x0000000087acebc8) 
thrown [s\src\hotspot\share\interpreter\linkResolver.cpp, line 771]
Event: 11.988 Thread 0x000001d7b83d1da0 Exception <a 'java/lang/NoSuchMethodError'{0x0000000087adec58}: 'int java.lang.invoke.DelegatingMethodHandle$Holder.reinvoke_L(java.lang.Object, java.lang.Object, java.lang.Object, long, long, long)'> (0x0000000087adec58) 
thrown [s\src\hotspot\share\interpreter\linkResolver.cpp, line 771]
Event: 11.989 Thread 0x000001d7b83d1da0 Exception <a 'java/lang/NoSuchMethodError'{0x0000000087aee9c8}: 'int java.lang.invoke.DelegatingMethodHandle$Holder.reinvoke_L(java.lang.Object, java.lang.Object, java.lang.Object, long, int)'> (0x0000000087aee9c8) 
thrown [s\src\hotspot\share\interpreter\linkResolver.cpp, line 771]
Event: 12.782 Thread 0x000001d7b83d1da0 Exception <a 'java/lang/NoSuchMethodError'{0x00000000880f1d48}: 'java.lang.Object java.lang.invoke.Invokers$Holder.invokeExact_MT(java.lang.Object, java.lang.Object, long, java.lang.Object)'> (0x00000000880f1d48) 
thrown [s\src\hotspot\share\interpreter\linkResolver.cpp, line 771]
Event: 12.812 Thread 0x000001d7b83d1da0 Exception <a 'java/lang/NoSuchMethodError'{0x0000000087d78d10}: 'java.lang.Object java.lang.invoke.Invokers$Holder.invoke_MT(java.lang.Object, java.lang.Object, java.lang.Object)'> (0x0000000087d78d10) 
thrown [s\src\hotspot\share\interpreter\linkResolver.cpp, line 771]
Event: 13.147 Thread 0x000001d7b83d1da0 Implicit null exception at 0x000001d7a0b87b11 to 0x000001d7a0b899dc
Event: 13.147 Thread 0x000001d7b83d1da0 Implicit null exception at 0x000001d7a0b8e099 to 0x000001d7a0b8f038

VM Operations (20 events):
Event: 12.923 Executing VM operation: G1PauseCleanup done
Event: 13.387 Executing VM operation: G1CollectForAllocation
Event: 13.400 Executing VM operation: G1CollectForAllocation done
Event: 13.410 Executing VM operation: G1CollectForAllocation
Event: 13.417 Executing VM operation: G1CollectForAllocation done
Event: 13.420 Executing VM operation: G1TryInitiateConcMark
Event: 13.421 Executing VM operation: G1TryInitiateConcMark done
Event: 13.510 Executing VM operation: G1PauseRemark
Event: 13.516 Executing VM operation: G1PauseRemark done
Event: 13.550 Executing VM operation: G1PauseCleanup
Event: 13.583 Executing VM operation: G1PauseCleanup done
Event: 13.700 Executing VM operation: G1TryInitiateConcMark
Event: 13.711 Executing VM operation: G1TryInitiateConcMark done
Event: 13.809 Executing VM operation: G1PauseRemark
Event: 13.812 Executing VM operation: G1PauseRemark done
Event: 13.840 Executing VM operation: G1PauseCleanup
Event: 13.840 Executing VM operation: G1PauseCleanup done
Event: 14.044 Executing VM operation: G1CollectForAllocation
Event: 14.054 Executing VM operation: G1CollectForAllocation done
Event: 14.080 Executing VM operation: G1CollectForAllocation

Events (20 events):
Event: 12.806 loading class java/io/IOError done
Event: 12.811 loading class java/nio/channels/FileChannel$MapMode
Event: 12.812 loading class java/nio/channels/FileChannel$MapMode done
Event: 12.812 loading class jdk/internal/misc/ExtendedMapMode
Event: 12.812 loading class jdk/internal/misc/ExtendedMapMode done
Event: 12.812 loading class sun/nio/ch/FileChannelImpl$DefaultUnmapper
Event: 12.813 loading class sun/nio/ch/FileChannelImpl$Unmapper
Event: 12.813 loading class jdk/internal/access/foreign/UnmapperProxy
Event: 12.813 loading class jdk/internal/access/foreign/UnmapperProxy done
Event: 12.813 loading class sun/nio/ch/FileChannelImpl$Unmapper done
Event: 12.813 loading class sun/nio/ch/FileChannelImpl$DefaultUnmapper done
Event: 12.813 loading class sun/nio/ch/Util$4
Event: 12.813 loading class sun/nio/ch/Util$4 done
Event: 12.814 loading class java/io/UTFDataFormatException
Event: 12.814 loading class java/io/UTFDataFormatException done
Event: 12.875 Thread 0x000001d7b5ca93f0 Thread added: 0x000001d7b5ca93f0
Event: 12.876 Thread 0x000001d7b5ca8950 Thread added: 0x000001d7b5ca8950
Event: 13.477 Thread 0x000001d7b5ca8950 Thread exited: 0x000001d7b5ca8950
Event: 13.926 loading class java/nio/channels/NonWritableChannelException
Event: 13.926 loading class java/nio/channels/NonWritableChannelException done


Dynamic libraries:
0x00007ff78d960000 - 0x00007ff78d96a000 	C:\Program Files\Android\Android Studio\jbr\bin\java.exe
0x00007ff808450000 - 0x00007ff808667000 	C:\WINDOWS\SYSTEM32\ntdll.dll
0x00007ff806ff0000 - 0x00007ff8070b4000 	C:\WINDOWS\System32\KERNEL32.DLL
0x00007ff805dd0000 - 0x00007ff80617d000 	C:\WINDOWS\System32\KERNELBASE.dll
0x00007ff805c80000 - 0x00007ff805d91000 	C:\WINDOWS\System32\ucrtbase.dll
0x00007fffe7c70000 - 0x00007fffe7c87000 	C:\Program Files\Android\Android Studio\jbr\bin\jli.dll
0x00007fffe2d30000 - 0x00007fffe2d4b000 	C:\Program Files\Android\Android Studio\jbr\bin\VCRUNTIME140.dll
0x00007ff8068a0000 - 0x00007ff806a4e000 	C:\WINDOWS\System32\USER32.dll
0x00007ffff2a70000 - 0x00007ffff2d03000 	C:\WINDOWS\WinSxS\amd64_microsoft.windows.common-controls_6595b64144ccf1df_6.0.22621.3672_none_2713b9d173822955\COMCTL32.dll
0x00007ff805da0000 - 0x00007ff805dc6000 	C:\WINDOWS\System32\win32u.dll
0x00007ff806430000 - 0x00007ff8064d7000 	C:\WINDOWS\System32\msvcrt.dll
0x00007ff807520000 - 0x00007ff807549000 	C:\WINDOWS\System32\GDI32.dll
0x00007ff805920000 - 0x00007ff805a39000 	C:\WINDOWS\System32\gdi32full.dll
0x00007ff805a40000 - 0x00007ff805ada000 	C:\WINDOWS\System32\msvcp_win.dll
0x00007ff8074e0000 - 0x00007ff807511000 	C:\WINDOWS\System32\IMM32.DLL
0x00007fffe7c60000 - 0x00007fffe7c6c000 	C:\Program Files\Android\Android Studio\jbr\bin\vcruntime140_1.dll
0x00007fffd6890000 - 0x00007fffd691d000 	C:\Program Files\Android\Android Studio\jbr\bin\msvcp140.dll
0x00007fffa3120000 - 0x00007fffa3da3000 	C:\Program Files\Android\Android Studio\jbr\bin\server\jvm.dll
0x00007ff807710000 - 0x00007ff8077c2000 	C:\WINDOWS\System32\ADVAPI32.dll
0x00007ff806280000 - 0x00007ff806329000 	C:\WINDOWS\System32\sechost.dll
0x00007ff805ae0000 - 0x00007ff805b08000 	C:\WINDOWS\System32\bcrypt.dll
0x00007ff8071a0000 - 0x00007ff8072b4000 	C:\WINDOWS\System32\RPCRT4.dll
0x00007ff8045e0000 - 0x00007ff80462d000 	C:\WINDOWS\SYSTEM32\POWRPROF.dll
0x00007ffff17b0000 - 0x00007ffff17b9000 	C:\WINDOWS\SYSTEM32\WSOCK32.dll
0x00007ff800310000 - 0x00007ff800344000 	C:\WINDOWS\SYSTEM32\WINMM.dll
0x00007ff806ee0000 - 0x00007ff806f51000 	C:\WINDOWS\System32\WS2_32.dll
0x00007ffffc320000 - 0x00007ffffc32a000 	C:\WINDOWS\SYSTEM32\VERSION.dll
0x00007ff8045c0000 - 0x00007ff8045d3000 	C:\WINDOWS\SYSTEM32\UMPDC.dll
0x00007ff804870000 - 0x00007ff804888000 	C:\WINDOWS\SYSTEM32\kernel.appcore.dll
0x00007ffffcb00000 - 0x00007ffffcb0a000 	C:\Program Files\Android\Android Studio\jbr\bin\jimage.dll
0x00007ffff4f40000 - 0x00007ffff5172000 	C:\WINDOWS\SYSTEM32\DBGHELP.DLL
0x00007ff8064e0000 - 0x00007ff80686e000 	C:\WINDOWS\System32\combase.dll
0x00007ff808330000 - 0x00007ff808407000 	C:\WINDOWS\System32\OLEAUT32.dll
0x00007ffff6ca0000 - 0x00007ffff6cd2000 	C:\WINDOWS\SYSTEM32\dbgcore.DLL
0x00007ff8058a0000 - 0x00007ff80591b000 	C:\WINDOWS\System32\bcryptPrimitives.dll
0x00007fffef560000 - 0x00007fffef56e000 	C:\Program Files\Android\Android Studio\jbr\bin\instrument.dll
0x00007fffeff10000 - 0x00007fffeff35000 	C:\Program Files\Android\Android Studio\jbr\bin\java.dll
0x00007ffff0020000 - 0x00007ffff0038000 	C:\Program Files\Android\Android Studio\jbr\bin\zip.dll
0x00007ff807830000 - 0x00007ff808097000 	C:\WINDOWS\System32\SHELL32.dll
0x00007ff803670000 - 0x00007ff803f6f000 	C:\WINDOWS\SYSTEM32\windows.storage.dll
0x00007ff803530000 - 0x00007ff80366f000 	C:\WINDOWS\SYSTEM32\wintypes.dll
0x00007ff806180000 - 0x00007ff806279000 	C:\WINDOWS\System32\SHCORE.dll
0x00007ff8072c0000 - 0x00007ff80731e000 	C:\WINDOWS\System32\shlwapi.dll
0x00007ff8056a0000 - 0x00007ff8056c7000 	C:\WINDOWS\SYSTEM32\profapi.dll
0x00007fffef570000 - 0x00007fffef589000 	C:\Program Files\Android\Android Studio\jbr\bin\net.dll
0x00007ff8003a0000 - 0x00007ff8004d6000 	C:\WINDOWS\SYSTEM32\WINHTTP.dll
0x00007ff804cd0000 - 0x00007ff804d39000 	C:\WINDOWS\system32\mswsock.dll
0x00007fffe7d20000 - 0x00007fffe7d36000 	C:\Program Files\Android\Android Studio\jbr\bin\nio.dll
0x00007fffefed0000 - 0x00007fffefee0000 	C:\Program Files\Android\Android Studio\jbr\bin\verify.dll
0x00007ffff0070000 - 0x00007ffff0097000 	C:\Users\admin\.gradle\native\c067742578af261105cb4f569cf0c3c89f3d7b1fecec35dd04571415982c5e48\windows-amd64\native-platform.dll
0x00007fffc9120000 - 0x00007fffc9264000 	C:\Users\admin\.gradle\native\38dada09dfb8b06ba9b0570ebf7e218e3eb74d4ef43ca46872605cf95ebc2f47\windows-amd64\native-platform-file-events.dll
0x00007fffeff90000 - 0x00007fffeff99000 	C:\Program Files\Android\Android Studio\jbr\bin\management.dll
0x00007fffeff70000 - 0x00007fffeff7b000 	C:\Program Files\Android\Android Studio\jbr\bin\management_ext.dll
0x00007ff8080c0000 - 0x00007ff8080c8000 	C:\WINDOWS\System32\PSAPI.DLL
0x00007ff805020000 - 0x00007ff80503b000 	C:\WINDOWS\SYSTEM32\CRYPTSP.dll
0x00007ff8047d0000 - 0x00007ff804805000 	C:\WINDOWS\system32\rsaenh.dll
0x00007ff804d70000 - 0x00007ff804d98000 	C:\WINDOWS\SYSTEM32\USERENV.dll
0x00007ff805000000 - 0x00007ff80500c000 	C:\WINDOWS\SYSTEM32\CRYPTBASE.dll
0x00007ff804240000 - 0x00007ff80426d000 	C:\WINDOWS\SYSTEM32\IPHLPAPI.DLL
0x00007ff806890000 - 0x00007ff806899000 	C:\WINDOWS\System32\NSI.dll
0x00007ff800850000 - 0x00007ff800869000 	C:\WINDOWS\SYSTEM32\dhcpcsvc6.DLL
0x00007ff8000f0000 - 0x00007ff80010f000 	C:\WINDOWS\SYSTEM32\dhcpcsvc.DLL
0x00007ff8042b0000 - 0x00007ff8043a8000 	C:\WINDOWS\SYSTEM32\DNSAPI.dll
0x00007ffff0060000 - 0x00007ffff0069000 	C:\Program Files\Android\Android Studio\jbr\bin\extnet.dll
0x00007ffff21a0000 - 0x00007ffff21a8000 	C:\WINDOWS\system32\wshunix.dll

dbghelp: loaded successfully - version: 4.0.5 - missing functions: none
symbol engine: initialized successfully - sym options: 0x614 - pdb path: .;C:\Program Files\Android\Android Studio\jbr\bin;C:\WINDOWS\SYSTEM32;C:\WINDOWS\WinSxS\amd64_microsoft.windows.common-controls_6595b64144ccf1df_6.0.22621.3672_none_2713b9d173822955;C:\Program Files\Android\Android Studio\jbr\bin\server;C:\Users\admin\.gradle\native\c067742578af261105cb4f569cf0c3c89f3d7b1fecec35dd04571415982c5e48\windows-amd64;C:\Users\admin\.gradle\native\38dada09dfb8b06ba9b0570ebf7e218e3eb74d4ef43ca46872605cf95ebc2f47\windows-amd64

VM Arguments:
jvm_args: --add-opens=java.base/java.util=ALL-UNNAMED --add-opens=java.base/java.lang=ALL-UNNAMED --add-opens=java.base/java.lang.invoke=ALL-UNNAMED --add-opens=java.prefs/java.util.prefs=ALL-UNNAMED --add-opens=java.base/java.nio.charset=ALL-UNNAMED --add-opens=java.base/java.net=ALL-UNNAMED --add-opens=java.base/java.util.concurrent.atomic=ALL-UNNAMED -Xmx2048m -Dfile.encoding=UTF-8 -Duser.country=FR -Duser.language=fr -Duser.variant -javaagent:C:\Users\admin\.gradle\wrapper\dists\gradle-8.7-bin\bhs2wmbdwecv87pi65oeuq5iu\gradle-8.7\lib\agents\gradle-instrumentation-agent-8.7.jar 
java_command: org.gradle.launcher.daemon.bootstrap.GradleDaemon 8.7
java_class_path (initial): C:\Users\admin\.gradle\wrapper\dists\gradle-8.7-bin\bhs2wmbdwecv87pi65oeuq5iu\gradle-8.7\lib\gradle-launcher-8.7.jar
Launcher Type: SUN_STANDARD

[Global flags]
     intx CICompilerCount                          = 4                                         {product} {ergonomic}
     uint ConcGCThreads                            = 2                                         {product} {ergonomic}
     uint G1ConcRefinementThreads                  = 8                                         {product} {ergonomic}
   size_t G1HeapRegionSize                         = 1048576                                   {product} {ergonomic}
    uintx GCDrainStackTargetSize                   = 64                                        {product} {ergonomic}
   size_t InitialHeapSize                          = 201326592                                 {product} {ergonomic}
   size_t MarkStackSize                            = 4194304                                   {product} {ergonomic}
   size_t MaxHeapSize                              = 2147483648                                {product} {command line}
   size_t MaxNewSize                               = 1287651328                                {product} {ergonomic}
   size_t MinHeapDeltaBytes                        = 1048576                                   {product} {ergonomic}
   size_t MinHeapSize                              = 8388608                                   {product} {ergonomic}
    uintx NonNMethodCodeHeapSize                   = 5839372                                {pd product} {ergonomic}
    uintx NonProfiledCodeHeapSize                  = 122909434                              {pd product} {ergonomic}
    uintx ProfiledCodeHeapSize                     = 122909434                              {pd product} {ergonomic}
    uintx ReservedCodeCacheSize                    = 251658240                              {pd product} {ergonomic}
     bool SegmentedCodeCache                       = true                                      {product} {ergonomic}
   size_t SoftMaxHeapSize                          = 2147483648                             {manageable} {ergonomic}
     bool UseCompressedClassPointers               = true                           {product lp64_product} {ergonomic}
     bool UseCompressedOops                        = true                           {product lp64_product} {ergonomic}
     bool UseG1GC                                  = true                                      {product} {ergonomic}
     bool UseLargePagesIndividualAllocation        = false                                  {pd product} {ergonomic}

Logging:
Log output configuration:
 #0: stdout all=warning uptime,level,tags
 #1: stderr all=off uptime,level,tags

Environment Variables:
PATH=C:\Program Files\Eclipse Adoptium\jdk-17.0.6.10-hotspot\bin;C:\WINDOWS\system32;C:\WINDOWS;C:\WINDOWS\System32\Wbem;C:\WINDOWS\System32\WindowsPowerShell\v1.0\;C:\Program Files (x86)\NVIDIA Corporation\PhysX\Common;C:\WINDOWS\system32;C:\WINDOWS;C:\WINDOWS\System32\Wbem;C:\WINDOWS\System32\WindowsPowerShell\v1.0\;C:\WINDOWS\System32\OpenSSH\;C:\Program Files\Process Lasso\;C:\Program Files\dotnet\;C:\Program Files\NVIDIA Corporation\NVIDIA NvDLISR;C:\Program Files\nodejs\;C:\Program Files\Git\cmd;C:\MinGW\bin;C:\Program Files (x86)\dotnet\;C:\Program Files\Microsoft VS Code\bin;C:\Program Files\Docker\Docker\resources\bin;C:\Program Files\MySQL\MySQL Shell 8.0\bin\;C:\Users\admin\AppData\Local\Microsoft\WindowsApps;C:\Users\admin\AppData\Roaming\npm;C:\Users\admin\.bun\bin;C:\xampp\php;C:\Program Files\MySQL\MySQL Shell 8.0\bin;C:\Users\admin\AppData\Local\Microsoft\WinGet\Links;C:\Program Files\PostgreSQL\16\bin;
USERNAME=admin
OS=Windows_NT
PROCESSOR_IDENTIFIER=Intel64 Family 6 Model 60 Stepping 3, GenuineIntel
TMP=C:\Users\admin\AppData\Local\Temp
TEMP=C:\Users\admin\AppData\Local\Temp



Periodic native trim disabled

JNI global refs:
JNI global refs: 28, weak refs: 0

JNI global refs memory usage: 843, weak refs: 209

Process memory usage:
Resident Set Size: 429536K (3% of 12463188K total physical memory with 1552744K free physical memory)

OOME stack traces (most recent first):
Classloader memory used:
Loader org.gradle.internal.classloader.VisitableURLClassLoader                         : 6138K
Loader bootstrap                                                                       : 2536K
Loader org.gradle.initialization.MixInLegacyTypesClassLoader                           : 1129K
Loader org.gradle.internal.classloader.VisitableURLClassLoader                         : 121K
Loader org.gradle.internal.classloader.VisitableURLClassLoader$InstrumentingVisitableURLClassLoader: 90810B
Loader jdk.internal.loader.ClassLoaders$PlatformClassLoader                            : 68875B
Loader jdk.internal.jrtfs.JrtFileSystemProvider$JrtFsLoader                            : 37710B
Loader jdk.internal.reflect.DelegatingClassLoader                                      : 34711B
Loader jdk.internal.loader.ClassLoaders$AppClassLoader                                 : 28722B
Loader org.gradle.groovy.scripts.internal.DefaultScriptCompilationHandler$ScriptClassLoader: 10772B
Loader org.codehaus.groovy.runtime.callsite.CallSiteClassLoader                        : 6077B

Classes loaded by more than one classloader:
Class org.gradle.internal.Cast                                                        : loaded 3 times (x 69B)
Class Program                                                                         : loaded 3 times (x 70B)
Class org.gradle.api.GradleException                                                  : loaded 3 times (x 80B)
Class org.gradle.internal.classpath.ClassPath                                         : loaded 2 times (x 68B)
Class org.gradle.api.internal.classpath.DefaultModuleRegistry                         : loaded 2 times (x 84B)
Class org.gradle.internal.exceptions.NonGradleCauseExceptionsHolder                   : loaded 2 times (x 68B)
Class Settings_gradle$1$1                                                             : loaded 2 times (x 72B)
Class jdk.internal.jimage.BasicImageReader$1                                          : loaded 2 times (x 75B)
Class org.gradle.api.Action                                                           : loaded 2 times (x 68B)
Class org.jetbrains.kotlin.idea.gradleTooling.model.samWithReceiver.SamWithReceiverModel: loaded 2 times (x 68B)
Class org.jetbrains.plugins.gradle.model.ExternalProject                              : loaded 2 times (x 68B)
Class org.jetbrains.plugins.gradle.model.IntelliJSettings                             : loaded 2 times (x 68B)
Class jdk.internal.jimage.ImageBufferCache$1                                          : loaded 2 times (x 78B)
Class jdk.internal.jimage.ImageBufferCache$2                                          : loaded 2 times (x 89B)
Class org.jetbrains.kotlin.idea.gradleTooling.KotlinMPPGradleModel                    : loaded 2 times (x 68B)
Class org.gradle.api.internal.DefaultClassPathProvider                                : loaded 2 times (x 74B)
Class org.gradle.internal.installation.GradleInstallation$1                           : loaded 2 times (x 73B)
Class jdk.internal.jrtfs.SystemImage$1                                                : loaded 2 times (x 76B)
Class jdk.internal.jrtfs.SystemImage$2                                                : loaded 2 times (x 74B)
Class org.gradle.internal.exceptions.DefaultMultiCauseException                       : loaded 2 times (x 93B)
Class org.gradle.tooling.model.UnsupportedMethodException                             : loaded 2 times (x 80B)
Class org.gradle.internal.time.MonotonicClock                                         : loaded 2 times (x 75B)
Class org.gradle.internal.classloader.FilteringClassLoader                            : loaded 2 times (x 103B)
Class jdk.internal.jimage.ImageReader$Resource                                        : loaded 2 times (x 82B)
Class jdk.internal.jrtfs.SystemImage                                                  : loaded 2 times (x 72B)
Class org.gradle.tooling.model.Model                                                  : loaded 2 times (x 68B)
Class org.gradle.internal.classpath.DefaultClassPath$ImmutableUniqueList$Builder      : loaded 2 times (x 73B)
Class org.jetbrains.kotlin.idea.gradleTooling.KotlinSourceSetContainer                : loaded 2 times (x 68B)
Class jdk.internal.jrtfs.JrtDirectoryStream$1                                         : loaded 2 times (x 81B)
Class org.gradle.internal.classloader.ClassLoaderVisitor                              : loaded 2 times (x 74B)
Class org.gradle.internal.time.DefaultCountdownTimer                                  : loaded 2 times (x 86B)
Class org.gradle.internal.service.DefaultServiceLocator                               : loaded 2 times (x 81B)
Class org.jetbrains.plugins.gradle.model.jar.JarTaskManifestConfiguration             : loaded 2 times (x 68B)
Class org.gradle.internal.service.UnknownServiceException                             : loaded 2 times (x 81B)
Class org.jetbrains.plugins.gradle.model.DependencyAccessorsModel                     : loaded 2 times (x 68B)
Class org.gradle.internal.classloader.DefaultClassLoaderFactory                       : loaded 2 times (x 80B)
Class jdk.internal.jimage.ImageReader$SharedImageReader                               : loaded 2 times (x 93B)
Class sync_studio_tooling3_4miqqk6or7kl97dm5bw52bym2$_run_closure1                    : loaded 2 times (x 137B)
Class org.jetbrains.plugins.gradle.model.GradleExtensions                             : loaded 2 times (x 68B)
Class jdk.internal.jimage.decompressor.ZipDecompressorFactory                         : loaded 2 times (x 72B)
Class org.jetbrains.plugins.gradle.model.VersionCatalogsModel                         : loaded 2 times (x 68B)
Class org.gradle.internal.classloader.VisitableURLClassLoader$Spec                    : loaded 2 times (x 72B)
Class org.gradle.tooling.model.ProjectModel                                           : loaded 2 times (x 68B)
Class org.jetbrains.plugins.gradle.model.MavenRepositoryModel                         : loaded 2 times (x 68B)
Class org.gradle.tooling.internal.gradle.DefaultProjectIdentifier                     : loaded 2 times (x 84B)
Class org.gradle.api.internal.classpath.ModuleRegistry                                : loaded 2 times (x 68B)
Class org.gradle.util.GradleVersion                                                   : loaded 2 times (x 81B)
Class kotlin.jvm.internal.markers.KMappedMarker                                       : loaded 2 times (x 68B)
Class org.gradle.api.internal.ClassPathProvider                                       : loaded 2 times (x 68B)
Class org.gradle.internal.classloader.ClasspathUtil$1                                 : loaded 2 times (x 74B)
Class ijInit1_4t6v958ghpfoh1ycten8ocjla                                               : loaded 2 times (x 177B)
Class org.gradle.internal.classloader.ClassLoaderFactory                              : loaded 2 times (x 68B)
Class jdk.internal.jimage.ImageHeader                                                 : loaded 2 times (x 69B)
Class org.gradle.api.internal.classpath.ManifestUtil                                  : loaded 2 times (x 69B)
Class org.gradle.api.specs.Spec                                                       : loaded 2 times (x 68B)
Class org.gradle.tooling.internal.gradle.GradleBuildIdentity                          : loaded 2 times (x 68B)
Class org.gradle.internal.IoActions                                                   : loaded 2 times (x 69B)
Class jdk.internal.jimage.decompressor.StringSharingDecompressorFactory               : loaded 2 times (x 72B)
Class org.gradle.api.internal.classpath.EffectiveClassPath                            : loaded 2 times (x 88B)
Class kotlin.jvm.internal.DefaultConstructorMarker                                    : loaded 2 times (x 69B)
Class org.gradle.internal.exceptions.ResolutionProvider                               : loaded 2 times (x 68B)
Class org.jetbrains.kotlin.idea.gradleTooling.model.annotation.AnnotationBasedPluginModel: loaded 2 times (x 68B)
Class org.jetbrains.kotlin.idea.gradleTooling.model.assignment.AssignmentModel        : loaded 2 times (x 68B)
Class org.gradle.internal.installation.CurrentGradleInstallation                      : loaded 2 times (x 71B)
Class org.gradle.internal.agents.InstrumentingClassLoader                             : loaded 2 times (x 68B)
Class org.gradle.internal.installation.CurrentGradleInstallationLocator               : loaded 2 times (x 69B)
Class org.gradle.api.internal.classpath.Module                                        : loaded 2 times (x 68B)
Class org.gradle.internal.service.CachingServiceLocator                               : loaded 2 times (x 80B)
Class org.gradle.internal.time.Timer                                                  : loaded 2 times (x 68B)
Class org.jetbrains.plugins.gradle.model.tests.ExternalTestsModel                     : loaded 2 times (x 68B)
Class org.jetbrains.kotlin.idea.gradleTooling.KotlinDslScriptAdditionalTask           : loaded 2 times (x 68B)
Class org.gradle.internal.classpath.DefaultClassPath                                  : loaded 2 times (x 88B)
Class sync_studio_tooling3_4miqqk6or7kl97dm5bw52bym2                                  : loaded 2 times (x 177B)
Class jdk.internal.jimage.BasicImageReader                                            : loaded 2 times (x 93B)
Class com.intellij.openapi.externalSystem.model.project.dependencies.ProjectDependencies: loaded 2 times (x 68B)
Class org.jetbrains.kotlin.idea.gradleTooling.PrepareKotlinIdeImportTaskModel         : loaded 2 times (x 68B)
Class jdk.internal.jimage.ImageLocation                                               : loaded 2 times (x 88B)
Class org.gradle.internal.impldep.com.google.common.base.Preconditions                : loaded 2 times (x 69B)
Class kotlin.jvm.functions.Function1                                                  : loaded 2 times (x 68B)
Class jdk.internal.jimage.ImageReader$Node                                            : loaded 2 times (x 82B)
Class org.gradle.internal.time.Time                                                   : loaded 2 times (x 69B)
Class jdk.internal.jimage.decompressor.CompressedResourceHeader                       : loaded 2 times (x 69B)
Class org.gradle.internal.time.TimeSource$1                                           : loaded 2 times (x 75B)
Class jdk.internal.jrtfs.JrtPath                                                      : loaded 2 times (x 116B)
Class jdk.internal.jimage.ImageStrings                                                : loaded 2 times (x 68B)
Class jdk.internal.jrtfs.JrtFileAttributes                                            : loaded 2 times (x 81B)
Class org.gradle.internal.classloader.SystemClassLoaderSpec                           : loaded 2 times (x 69B)
Class jdk.internal.jimage.decompressor.ResourceDecompressorRepository                 : loaded 2 times (x 69B)
Class kotlin.Function                                                                 : loaded 2 times (x 68B)
Class org.gradle.api.UncheckedIOException                                             : loaded 2 times (x 80B)
Class jdk.internal.jimage.decompressor.ResourceDecompressor$StringsProvider           : loaded 2 times (x 68B)
Class org.jetbrains.plugins.gradle.model.RepositoriesModel                            : loaded 2 times (x 68B)
Class jdk.internal.jimage.decompressor.Decompressor                                   : loaded 2 times (x 70B)
Class jdk.internal.jrtfs.JrtFileSystem                                                : loaded 2 times (x 100B)
Class org.gradle.tooling.internal.gradle.GradleProjectIdentity                        : loaded 2 times (x 68B)
Class jdk.internal.jrtfs.JrtFileSystemProvider                                        : loaded 2 times (x 97B)
Class org.gradle.internal.time.CountdownTimer                                         : loaded 2 times (x 68B)
Class org.gradle.internal.time.Clock                                                  : loaded 2 times (x 68B)
Class org.gradle.internal.classloader.ClasspathUtil                                   : loaded 2 times (x 69B)
Class jdk.internal.jrtfs.JrtDirectoryStream                                           : loaded 2 times (x 87B)
Class org.gradle.tooling.model.BuildIdentifier                                        : loaded 2 times (x 68B)
Class jdk.internal.jimage.decompressor.ResourceDecompressor                           : loaded 2 times (x 68B)
Class org.gradle.api.internal.DefaultClassPathRegistry                                : loaded 2 times (x 74B)
Class org.gradle.api.internal.classpath.DefaultModuleRegistry$DefaultModule           : loaded 2 times (x 84B)
Class org.gradle.internal.time.TimeSource                                             : loaded 2 times (x 68B)
Class org.jetbrains.kotlin.android.synthetic.idea.AndroidExtensionsGradleModel        : loaded 2 times (x 68B)
Class org.gradle.api.internal.classpath.UnknownModuleException                        : loaded 2 times (x 80B)
Class org.jetbrains.plugins.gradle.model.IntelliJProjectSettings                      : loaded 2 times (x 68B)
Class org.gradle.internal.service.ServiceLookupException                              : loaded 2 times (x 80B)
Class jdk.internal.jimage.ImageStringsReader                                          : loaded 2 times (x 78B)
Class org.gradle.cache.GlobalCache                                                    : loaded 2 times (x 68B)
Class jdk.internal.jimage.decompressor.ResourceDecompressorFactory                    : loaded 2 times (x 72B)
Class org.jetbrains.kotlin.idea.gradleTooling.model.lombok.LombokModel                : loaded 2 times (x 68B)
Class org.gradle.tooling.model.ProjectIdentifier                                      : loaded 2 times (x 68B)
Class [Lorg.gradle.api.internal.ClassPathProvider;                                    : loaded 2 times (x 67B)
Class jdk.internal.jimage.ImageReader$SharedImageReader$LocationVisitor               : loaded 2 times (x 68B)
Class org.gradle.internal.operations.MultipleBuildOperationFailures                   : loaded 2 times (x 93B)
Class org.gradle.util.internal.GUtil                                                  : loaded 2 times (x 69B)
Class jdk.internal.jimage.decompressor.ZipDecompressor                                : loaded 2 times (x 73B)
Class org.jetbrains.plugins.gradle.model.AnnotationProcessingModel                    : loaded 2 times (x 68B)
Class org.gradle.internal.classloader.ClassLoaderSpec                                 : loaded 2 times (x 69B)
Class org.gradle.internal.classloader.VisitableURLClassLoader                         : loaded 2 times (x 115B)
Class org.gradle.internal.installation.GradleInstallation                             : loaded 2 times (x 73B)
Class org.gradle.api.internal.ClassPathRegistry                                       : loaded 2 times (x 68B)
Class org.gradle.internal.classloader.VisitableURLClassLoader$InstrumentingVisitableURLClassLoader: loaded 2 times (x 121B)
Class org.gradle.internal.classloader.ClassLoaderHierarchy                            : loaded 2 times (x 68B)
Class org.gradle.internal.exceptions.MultiCauseException                              : loaded 2 times (x 68B)
Class jdk.internal.jimage.ImageReader                                                 : loaded 2 times (x 73B)
Class org.jetbrains.kotlin.idea.gradleTooling.model.parcelize.ParcelizeGradleModel    : loaded 2 times (x 68B)
Class org.gradle.internal.InternalTransformer                                         : loaded 2 times (x 68B)
Class org.jetbrains.kotlin.idea.gradleTooling.model.noarg.NoArgModel                  : loaded 2 times (x 68B)
Class org.jetbrains.kotlin.idea.gradleTooling.KotlinGradleModel                       : loaded 2 times (x 68B)
Class org.gradle.tooling.internal.gradle.DefaultBuildIdentifier                       : loaded 2 times (x 77B)
Class org.gradle.internal.service.ServiceLocator                                      : loaded 2 times (x 68B)
Class Settings_gradle$1                                                               : loaded 2 times (x 72B)
Class org.jetbrains.kotlin.idea.gradleTooling.model.allopen.AllOpenModel              : loaded 2 times (x 68B)
Class org.gradle.internal.classpath.DefaultClassPath$ImmutableUniqueList              : loaded 2 times (x 159B)
Class jdk.internal.jimage.ImageBufferCache                                            : loaded 2 times (x 69B)
Class org.gradle.internal.time.DefaultTimer                                           : loaded 2 times (x 78B)
Class org.gradle.internal.classpath.TransformedClassPath                              : loaded 2 times (x 94B)
Class Settings_gradle                                                                 : loaded 2 times (x 126B)
Class jdk.internal.jimage.ImageReader$Directory                                       : loaded 2 times (x 82B)


---------------  S Y S T E M  ---------------

OS:
 Windows 11 , 64 bit Build 22621 (10.0.22621.3958)
OS uptime: 3 days 5:42 hours
Hyper-V role detected

CPU: total 8 (initial active 8) (4 cores per cpu, 2 threads per core) family 6 model 60 stepping 3 microcode 0x28, cx8, cmov, fxsr, ht, mmx, sse, sse2, sse3, ssse3, sse4.1, sse4.2, popcnt, lzcnt, tsc, tscinvbit, avx, avx2, aes, erms, clmul, bmi1, bmi2, fma, vzeroupper, clflush, hv
Processor Information for all 8 processors :
  Max Mhz: 2501, Current Mhz: 2501, Mhz Limit: 2501

Memory: 4k page, system-wide physical 12171M (1516M free)
TotalPageFile size 16127M (AvailPageFile size 134M)
current process WorkingSet (physical memory assigned to process): 419M, peak: 419M
current process commit charge ("private bytes"): 451M, peak: 653M

vm_info: OpenJDK 64-Bit Server VM (17.0.11+0--11852314) for windows-amd64 JRE (17.0.11+0--11852314), built on May 16 2024 21:29:20 by "androidbuild" with MS VC++ 16.10 / 16.11 (VS2019)

END.
